[2023-02-20 05:47:22] local.ERROR: No alive nodes found in your cluster {"exception":"[object] (Elasticsearch\\Common\\Exceptions\\NoNodesAvailableException(code: 0): No alive nodes found in your cluster at C:\\xampp\\htdocs\\elastic-search-first\\vendor\\elasticsearch\\elasticsearch\\src\\Elasticsearch\\ConnectionPool\\StaticNoPingConnectionPool.php:64)
[stacktrace]
#0 C:\\xampp\\htdocs\\elastic-search-first\\vendor\\elasticsearch\\elasticsearch\\src\\Elasticsearch\\Transport.php(82): Elasticsearch\\ConnectionPool\\StaticNoPingConnectionPool->nextConnection()
#1 C:\\xampp\\htdocs\\elastic-search-first\\vendor\\elasticsearch\\elasticsearch\\src\\Elasticsearch\\Transport.php(99): Elasticsearch\\Transport->getConnection()
#2 C:\\xampp\\htdocs\\elastic-search-first\\vendor\\elasticsearch\\elasticsearch\\src\\Elasticsearch\\Connections\\Connection.php(297): Elasticsearch\\Transport->performRequest('POST', '/my_index/my_ty...', Array, '{\"testField\":\"a...', Array)
#3 C:\\xampp\\htdocs\\elastic-search-first\\vendor\\react\\promise\\src\\FulfilledPromise.php(28): Elasticsearch\\Connections\\Connection->Elasticsearch\\Connections\\{closure}(Array)
#4 C:\\xampp\\htdocs\\elastic-search-first\\vendor\\ezimuel\\ringphp\\src\\Future\\CompletedFutureValue.php(65): React\\Promise\\FulfilledPromise->then(Object(Closure), NULL, NULL)
#5 C:\\xampp\\htdocs\\elastic-search-first\\vendor\\ezimuel\\ringphp\\src\\Core.php(341): GuzzleHttp\\Ring\\Future\\CompletedFutureValue->then(Object(Closure), NULL, NULL)
#6 C:\\xampp\\htdocs\\elastic-search-first\\vendor\\elasticsearch\\elasticsearch\\src\\Elasticsearch\\Connections\\Connection.php(345): GuzzleHttp\\Ring\\Core::proxy(Object(GuzzleHttp\\Ring\\Future\\CompletedFutureArray), Object(Closure))
#7 C:\\xampp\\htdocs\\elastic-search-first\\vendor\\elasticsearch\\elasticsearch\\src\\Elasticsearch\\Connections\\Connection.php(241): Elasticsearch\\Connections\\Connection->Elasticsearch\\Connections\\{closure}(Array, Object(Elasticsearch\\Connections\\Connection), Object(Elasticsearch\\Transport), Array)
#8 C:\\xampp\\htdocs\\elastic-search-first\\vendor\\elasticsearch\\elasticsearch\\src\\Elasticsearch\\Transport.php(110): Elasticsearch\\Connections\\Connection->performRequest('POST', '/my_index/my_ty...', Array, '{\"testField\":\"a...', Array, Object(Elasticsearch\\Transport))
#9 C:\\xampp\\htdocs\\elastic-search-first\\vendor\\elasticsearch\\elasticsearch\\src\\Elasticsearch\\Client.php(1929): Elasticsearch\\Transport->performRequest('POST', '/my_index/my_ty...', Array, Array, Array)
#10 C:\\xampp\\htdocs\\elastic-search-first\\vendor\\elasticsearch\\elasticsearch\\src\\Elasticsearch\\Client.php(911): Elasticsearch\\Client->performRequest(Object(Elasticsearch\\Endpoints\\Index))
#11 [internal function]: Elasticsearch\\Client->index(Array)
#12 C:\\xampp\\htdocs\\elastic-search-first\\vendor\\cviebrock\\laravel-elasticsearch\\src\\Manager.php(140): call_user_func_array(Array, Array)
#13 C:\\xampp\\htdocs\\elastic-search-first\\vendor\\laravel\\framework\\src\\Illuminate\\Support\\Facades\\Facade.php(338): Cviebrock\\LaravelElasticsearch\\Manager->__call('index', Array)
#14 C:\\xampp\\htdocs\\elastic-search-first\\app\\Http\\Controllers\\Homecontroller.php(21): Illuminate\\Support\\Facades\\Facade::__callStatic('index', Array)
#15 C:\\xampp\\htdocs\\elastic-search-first\\vendor\\laravel\\framework\\src\\Illuminate\\Routing\\Controller.php(54): App\\Http\\Controllers\\Homecontroller->index()
#16 C:\\xampp\\htdocs\\elastic-search-first\\vendor\\laravel\\framework\\src\\Illuminate\\Routing\\ControllerDispatcher.php(43): Illuminate\\Routing\\Controller->callAction('index', Array)
#17 C:\\xampp\\htdocs\\elastic-search-first\\vendor\\laravel\\framework\\src\\Illuminate\\Routing\\Route.php(260): Illuminate\\Routing\\ControllerDispatcher->dispatch(Object(Illuminate\\Routing\\Route), Object(App\\Http\\Controllers\\Homecontroller), 'index')
#18 C:\\xampp\\htdocs\\elastic-search-first\\vendor\\laravel\\framework\\src\\Illuminate\\Routing\\Route.php(205): Illuminate\\Routing\\Route->runController()
#19 C:\\xampp\\htdocs\\elastic-search-first\\vendor\\laravel\\framework\\src\\Illuminate\\Routing\\Router.php(798): Illuminate\\Routing\\Route->run()
#20 C:\\xampp\\htdocs\\elastic-search-first\\vendor\\laravel\\framework\\src\\Illuminate\\Pipeline\\Pipeline.php(141): Illuminate\\Routing\\Router->Illuminate\\Routing\\{closure}(Object(Illuminate\\Http\\Request))
#21 C:\\xampp\\htdocs\\elastic-search-first\\vendor\\laravel\\framework\\src\\Illuminate\\Routing\\Middleware\\SubstituteBindings.php(50): Illuminate\\Pipeline\\Pipeline->Illuminate\\Pipeline\\{closure}(Object(Illuminate\\Http\\Request))
#22 C:\\xampp\\htdocs\\elastic-search-first\\vendor\\laravel\\framework\\src\\Illuminate\\Pipeline\\Pipeline.php(180): Illuminate\\Routing\\Middleware\\SubstituteBindings->handle(Object(Illuminate\\Http\\Request), Object(Closure))
#23 C:\\xampp\\htdocs\\elastic-search-first\\vendor\\laravel\\framework\\src\\Illuminate\\Routing\\Middleware\\ThrottleRequests.php(126): Illuminate\\Pipeline\\Pipeline->Illuminate\\Pipeline\\{closure}(Object(Illuminate\\Http\\Request))
#24 C:\\xampp\\htdocs\\elastic-search-first\\vendor\\laravel\\framework\\src\\Illuminate\\Routing\\Middleware\\ThrottleRequests.php(102): Illuminate\\Routing\\Middleware\\ThrottleRequests->handleRequest(Object(Illuminate\\Http\\Request), Object(Closure), Array)
#25 C:\\xampp\\htdocs\\elastic-search-first\\vendor\\laravel\\framework\\src\\Illuminate\\Routing\\Middleware\\ThrottleRequests.php(54): Illuminate\\Routing\\Middleware\\ThrottleRequests->handleRequestUsingNamedLimiter(Object(Illuminate\\Http\\Request), Object(Closure), 'api', Object(Closure))
#26 C:\\xampp\\htdocs\\elastic-search-first\\vendor\\laravel\\framework\\src\\Illuminate\\Pipeline\\Pipeline.php(180): Illuminate\\Routing\\Middleware\\ThrottleRequests->handle(Object(Illuminate\\Http\\Request), Object(Closure), 'api')
#27 C:\\xampp\\htdocs\\elastic-search-first\\vendor\\laravel\\framework\\src\\Illuminate\\Pipeline\\Pipeline.php(116): Illuminate\\Pipeline\\Pipeline->Illuminate\\Pipeline\\{closure}(Object(Illuminate\\Http\\Request))
#28 C:\\xampp\\htdocs\\elastic-search-first\\vendor\\laravel\\framework\\src\\Illuminate\\Routing\\Router.php(799): Illuminate\\Pipeline\\Pipeline->then(Object(Closure))
#29 C:\\xampp\\htdocs\\elastic-search-first\\vendor\\laravel\\framework\\src\\Illuminate\\Routing\\Router.php(776): Illuminate\\Routing\\Router->runRouteWithinStack(Object(Illuminate\\Routing\\Route), Object(Illuminate\\Http\\Request))
#30 C:\\xampp\\htdocs\\elastic-search-first\\vendor\\laravel\\framework\\src\\Illuminate\\Routing\\Router.php(740): Illuminate\\Routing\\Router->runRoute(Object(Illuminate\\Http\\Request), Object(Illuminate\\Routing\\Route))
#31 C:\\xampp\\htdocs\\elastic-search-first\\vendor\\laravel\\framework\\src\\Illuminate\\Routing\\Router.php(729): Illuminate\\Routing\\Router->dispatchToRoute(Object(Illuminate\\Http\\Request))
#32 C:\\xampp\\htdocs\\elastic-search-first\\vendor\\laravel\\framework\\src\\Illuminate\\Foundation\\Http\\Kernel.php(190): Illuminate\\Routing\\Router->dispatch(Object(Illuminate\\Http\\Request))
#33 C:\\xampp\\htdocs\\elastic-search-first\\vendor\\laravel\\framework\\src\\Illuminate\\Pipeline\\Pipeline.php(141): Illuminate\\Foundation\\Http\\Kernel->Illuminate\\Foundation\\Http\\{closure}(Object(Illuminate\\Http\\Request))
#34 C:\\xampp\\htdocs\\elastic-search-first\\vendor\\laravel\\framework\\src\\Illuminate\\Foundation\\Http\\Middleware\\TransformsRequest.php(21): Illuminate\\Pipeline\\Pipeline->Illuminate\\Pipeline\\{closure}(Object(Illuminate\\Http\\Request))
#35 C:\\xampp\\htdocs\\elastic-search-first\\vendor\\laravel\\framework\\src\\Illuminate\\Foundation\\Http\\Middleware\\ConvertEmptyStringsToNull.php(31): Illuminate\\Foundation\\Http\\Middleware\\TransformsRequest->handle(Object(Illuminate\\Http\\Request), Object(Closure))
#36 C:\\xampp\\htdocs\\elastic-search-first\\vendor\\laravel\\framework\\src\\Illuminate\\Pipeline\\Pipeline.php(180): Illuminate\\Foundation\\Http\\Middleware\\ConvertEmptyStringsToNull->handle(Object(Illuminate\\Http\\Request), Object(Closure))
#37 C:\\xampp\\htdocs\\elastic-search-first\\vendor\\laravel\\framework\\src\\Illuminate\\Foundation\\Http\\Middleware\\TransformsRequest.php(21): Illuminate\\Pipeline\\Pipeline->Illuminate\\Pipeline\\{closure}(Object(Illuminate\\Http\\Request))
#38 C:\\xampp\\htdocs\\elastic-search-first\\vendor\\laravel\\framework\\src\\Illuminate\\Foundation\\Http\\Middleware\\TrimStrings.php(40): Illuminate\\Foundation\\Http\\Middleware\\TransformsRequest->handle(Object(Illuminate\\Http\\Request), Object(Closure))
#39 C:\\xampp\\htdocs\\elastic-search-first\\vendor\\laravel\\framework\\src\\Illuminate\\Pipeline\\Pipeline.php(180): Illuminate\\Foundation\\Http\\Middleware\\TrimStrings->handle(Object(Illuminate\\Http\\Request), Object(Closure))
#40 C:\\xampp\\htdocs\\elastic-search-first\\vendor\\laravel\\framework\\src\\Illuminate\\Foundation\\Http\\Middleware\\ValidatePostSize.php(27): Illuminate\\Pipeline\\Pipeline->Illuminate\\Pipeline\\{closure}(Object(Illuminate\\Http\\Request))
#41 C:\\xampp\\htdocs\\elastic-search-first\\vendor\\laravel\\framework\\src\\Illuminate\\Pipeline\\Pipeline.php(180): Illuminate\\Foundation\\Http\\Middleware\\ValidatePostSize->handle(Object(Illuminate\\Http\\Request), Object(Closure))
#42 C:\\xampp\\htdocs\\elastic-search-first\\vendor\\laravel\\framework\\src\\Illuminate\\Foundation\\Http\\Middleware\\PreventRequestsDuringMaintenance.php(86): Illuminate\\Pipeline\\Pipeline->Illuminate\\Pipeline\\{closure}(Object(Illuminate\\Http\\Request))
#43 C:\\xampp\\htdocs\\elastic-search-first\\vendor\\laravel\\framework\\src\\Illuminate\\Pipeline\\Pipeline.php(180): Illuminate\\Foundation\\Http\\Middleware\\PreventRequestsDuringMaintenance->handle(Object(Illuminate\\Http\\Request), Object(Closure))
#44 C:\\xampp\\htdocs\\elastic-search-first\\vendor\\laravel\\framework\\src\\Illuminate\\Http\\Middleware\\HandleCors.php(62): Illuminate\\Pipeline\\Pipeline->Illuminate\\Pipeline\\{closure}(Object(Illuminate\\Http\\Request))
#45 C:\\xampp\\htdocs\\elastic-search-first\\vendor\\laravel\\framework\\src\\Illuminate\\Pipeline\\Pipeline.php(180): Illuminate\\Http\\Middleware\\HandleCors->handle(Object(Illuminate\\Http\\Request), Object(Closure))
#46 C:\\xampp\\htdocs\\elastic-search-first\\vendor\\laravel\\framework\\src\\Illuminate\\Http\\Middleware\\TrustProxies.php(39): Illuminate\\Pipeline\\Pipeline->Illuminate\\Pipeline\\{closure}(Object(Illuminate\\Http\\Request))
#47 C:\\xampp\\htdocs\\elastic-search-first\\vendor\\laravel\\framework\\src\\Illuminate\\Pipeline\\Pipeline.php(180): Illuminate\\Http\\Middleware\\TrustProxies->handle(Object(Illuminate\\Http\\Request), Object(Closure))
#48 C:\\xampp\\htdocs\\elastic-search-first\\vendor\\laravel\\framework\\src\\Illuminate\\Pipeline\\Pipeline.php(116): Illuminate\\Pipeline\\Pipeline->Illuminate\\Pipeline\\{closure}(Object(Illuminate\\Http\\Request))
#49 C:\\xampp\\htdocs\\elastic-search-first\\vendor\\laravel\\framework\\src\\Illuminate\\Foundation\\Http\\Kernel.php(165): Illuminate\\Pipeline\\Pipeline->then(Object(Closure))
#50 C:\\xampp\\htdocs\\elastic-search-first\\vendor\\laravel\\framework\\src\\Illuminate\\Foundation\\Http\\Kernel.php(134): Illuminate\\Foundation\\Http\\Kernel->sendRequestThroughRouter(Object(Illuminate\\Http\\Request))
#51 C:\\xampp\\htdocs\\elastic-search-first\\public\\index.php(52): Illuminate\\Foundation\\Http\\Kernel->handle(Object(Illuminate\\Http\\Request))
#52 C:\\xampp\\htdocs\\elastic-search-first\\vendor\\laravel\\framework\\src\\Illuminate\\Foundation\\resources\\server.php(16): require_once('C:\\\\xampp\\\\htdocs...')
#53 {main}
"} 
[2023-02-20 12:17:21] local.ERROR: No alive nodes found in your cluster {"exception":"[object] (Elasticsearch\\Common\\Exceptions\\NoNodesAvailableException(code: 0): No alive nodes found in your cluster at C:\\xampp\\htdocs\\elastic-search-first\\vendor\\elasticsearch\\elasticsearch\\src\\Elasticsearch\\ConnectionPool\\StaticNoPingConnectionPool.php:64)
[stacktrace]
#0 C:\\xampp\\htdocs\\elastic-search-first\\vendor\\elasticsearch\\elasticsearch\\src\\Elasticsearch\\Transport.php(82): Elasticsearch\\ConnectionPool\\StaticNoPingConnectionPool->nextConnection()
#1 C:\\xampp\\htdocs\\elastic-search-first\\vendor\\elasticsearch\\elasticsearch\\src\\Elasticsearch\\Transport.php(99): Elasticsearch\\Transport->getConnection()
#2 C:\\xampp\\htdocs\\elastic-search-first\\vendor\\elasticsearch\\elasticsearch\\src\\Elasticsearch\\Connections\\Connection.php(297): Elasticsearch\\Transport->performRequest('PUT', '/posts', Array, '{\"settings\":{\"n...', Array)
#3 C:\\xampp\\htdocs\\elastic-search-first\\vendor\\react\\promise\\src\\FulfilledPromise.php(28): Elasticsearch\\Connections\\Connection->Elasticsearch\\Connections\\{closure}(Array)
#4 C:\\xampp\\htdocs\\elastic-search-first\\vendor\\ezimuel\\ringphp\\src\\Future\\CompletedFutureValue.php(65): React\\Promise\\FulfilledPromise->then(Object(Closure), NULL, NULL)
#5 C:\\xampp\\htdocs\\elastic-search-first\\vendor\\ezimuel\\ringphp\\src\\Core.php(341): GuzzleHttp\\Ring\\Future\\CompletedFutureValue->then(Object(Closure), NULL, NULL)
#6 C:\\xampp\\htdocs\\elastic-search-first\\vendor\\elasticsearch\\elasticsearch\\src\\Elasticsearch\\Connections\\Connection.php(345): GuzzleHttp\\Ring\\Core::proxy(Object(GuzzleHttp\\Ring\\Future\\CompletedFutureArray), Object(Closure))
#7 C:\\xampp\\htdocs\\elastic-search-first\\vendor\\elasticsearch\\elasticsearch\\src\\Elasticsearch\\Connections\\Connection.php(241): Elasticsearch\\Connections\\Connection->Elasticsearch\\Connections\\{closure}(Array, Object(Elasticsearch\\Connections\\Connection), Object(Elasticsearch\\Transport), Array)
#8 C:\\xampp\\htdocs\\elastic-search-first\\vendor\\elasticsearch\\elasticsearch\\src\\Elasticsearch\\Transport.php(110): Elasticsearch\\Connections\\Connection->performRequest('PUT', '/posts', Array, '{\"settings\":{\"n...', Array, Object(Elasticsearch\\Transport))
#9 C:\\xampp\\htdocs\\elastic-search-first\\vendor\\elasticsearch\\elasticsearch\\src\\Elasticsearch\\Namespaces\\AbstractNamespace.php(63): Elasticsearch\\Transport->performRequest('PUT', '/posts', Array, Array, Array)
#10 C:\\xampp\\htdocs\\elastic-search-first\\vendor\\elasticsearch\\elasticsearch\\src\\Elasticsearch\\Namespaces\\IndicesNamespace.php(188): Elasticsearch\\Namespaces\\AbstractNamespace->performRequest(Object(Elasticsearch\\Endpoints\\Indices\\Create))
#11 C:\\xampp\\htdocs\\elastic-search-first\\vendor\\matchory\\elasticsearch\\src\\Index.php(269): Elasticsearch\\Namespaces\\IndicesNamespace->create(Array)
#12 C:\\xampp\\htdocs\\elastic-search-first\\vendor\\matchory\\elasticsearch\\src\\Concerns\\ManagesIndices.php(26): Matchory\\Elasticsearch\\Index->create()
#13 C:\\xampp\\htdocs\\elastic-search-first\\vendor\\matchory\\elasticsearch\\src\\Concerns\\ManagesIndices.php(46): Matchory\\Elasticsearch\\Query->createIndex('posts', NULL)
#14 C:\\xampp\\htdocs\\elastic-search-first\\app\\Http\\Controllers\\Homecontroller.php(25): Matchory\\Elasticsearch\\Query->create()
#15 C:\\xampp\\htdocs\\elastic-search-first\\vendor\\laravel\\framework\\src\\Illuminate\\Routing\\Controller.php(54): App\\Http\\Controllers\\Homecontroller->index()
#16 C:\\xampp\\htdocs\\elastic-search-first\\vendor\\laravel\\framework\\src\\Illuminate\\Routing\\ControllerDispatcher.php(43): Illuminate\\Routing\\Controller->callAction('index', Array)
#17 C:\\xampp\\htdocs\\elastic-search-first\\vendor\\laravel\\framework\\src\\Illuminate\\Routing\\Route.php(260): Illuminate\\Routing\\ControllerDispatcher->dispatch(Object(Illuminate\\Routing\\Route), Object(App\\Http\\Controllers\\Homecontroller), 'index')
#18 C:\\xampp\\htdocs\\elastic-search-first\\vendor\\laravel\\framework\\src\\Illuminate\\Routing\\Route.php(205): Illuminate\\Routing\\Route->runController()
#19 C:\\xampp\\htdocs\\elastic-search-first\\vendor\\laravel\\framework\\src\\Illuminate\\Routing\\Router.php(798): Illuminate\\Routing\\Route->run()
#20 C:\\xampp\\htdocs\\elastic-search-first\\vendor\\laravel\\framework\\src\\Illuminate\\Pipeline\\Pipeline.php(141): Illuminate\\Routing\\Router->Illuminate\\Routing\\{closure}(Object(Illuminate\\Http\\Request))
#21 C:\\xampp\\htdocs\\elastic-search-first\\vendor\\laravel\\framework\\src\\Illuminate\\Routing\\Middleware\\SubstituteBindings.php(50): Illuminate\\Pipeline\\Pipeline->Illuminate\\Pipeline\\{closure}(Object(Illuminate\\Http\\Request))
#22 C:\\xampp\\htdocs\\elastic-search-first\\vendor\\laravel\\framework\\src\\Illuminate\\Pipeline\\Pipeline.php(180): Illuminate\\Routing\\Middleware\\SubstituteBindings->handle(Object(Illuminate\\Http\\Request), Object(Closure))
#23 C:\\xampp\\htdocs\\elastic-search-first\\vendor\\laravel\\framework\\src\\Illuminate\\Routing\\Middleware\\ThrottleRequests.php(126): Illuminate\\Pipeline\\Pipeline->Illuminate\\Pipeline\\{closure}(Object(Illuminate\\Http\\Request))
#24 C:\\xampp\\htdocs\\elastic-search-first\\vendor\\laravel\\framework\\src\\Illuminate\\Routing\\Middleware\\ThrottleRequests.php(102): Illuminate\\Routing\\Middleware\\ThrottleRequests->handleRequest(Object(Illuminate\\Http\\Request), Object(Closure), Array)
#25 C:\\xampp\\htdocs\\elastic-search-first\\vendor\\laravel\\framework\\src\\Illuminate\\Routing\\Middleware\\ThrottleRequests.php(54): Illuminate\\Routing\\Middleware\\ThrottleRequests->handleRequestUsingNamedLimiter(Object(Illuminate\\Http\\Request), Object(Closure), 'api', Object(Closure))
#26 C:\\xampp\\htdocs\\elastic-search-first\\vendor\\laravel\\framework\\src\\Illuminate\\Pipeline\\Pipeline.php(180): Illuminate\\Routing\\Middleware\\ThrottleRequests->handle(Object(Illuminate\\Http\\Request), Object(Closure), 'api')
#27 C:\\xampp\\htdocs\\elastic-search-first\\vendor\\laravel\\framework\\src\\Illuminate\\Pipeline\\Pipeline.php(116): Illuminate\\Pipeline\\Pipeline->Illuminate\\Pipeline\\{closure}(Object(Illuminate\\Http\\Request))
#28 C:\\xampp\\htdocs\\elastic-search-first\\vendor\\laravel\\framework\\src\\Illuminate\\Routing\\Router.php(799): Illuminate\\Pipeline\\Pipeline->then(Object(Closure))
#29 C:\\xampp\\htdocs\\elastic-search-first\\vendor\\laravel\\framework\\src\\Illuminate\\Routing\\Router.php(776): Illuminate\\Routing\\Router->runRouteWithinStack(Object(Illuminate\\Routing\\Route), Object(Illuminate\\Http\\Request))
#30 C:\\xampp\\htdocs\\elastic-search-first\\vendor\\laravel\\framework\\src\\Illuminate\\Routing\\Router.php(740): Illuminate\\Routing\\Router->runRoute(Object(Illuminate\\Http\\Request), Object(Illuminate\\Routing\\Route))
#31 C:\\xampp\\htdocs\\elastic-search-first\\vendor\\laravel\\framework\\src\\Illuminate\\Routing\\Router.php(729): Illuminate\\Routing\\Router->dispatchToRoute(Object(Illuminate\\Http\\Request))
#32 C:\\xampp\\htdocs\\elastic-search-first\\vendor\\laravel\\framework\\src\\Illuminate\\Foundation\\Http\\Kernel.php(190): Illuminate\\Routing\\Router->dispatch(Object(Illuminate\\Http\\Request))
#33 C:\\xampp\\htdocs\\elastic-search-first\\vendor\\laravel\\framework\\src\\Illuminate\\Pipeline\\Pipeline.php(141): Illuminate\\Foundation\\Http\\Kernel->Illuminate\\Foundation\\Http\\{closure}(Object(Illuminate\\Http\\Request))
#34 C:\\xampp\\htdocs\\elastic-search-first\\vendor\\laravel\\framework\\src\\Illuminate\\Foundation\\Http\\Middleware\\TransformsRequest.php(21): Illuminate\\Pipeline\\Pipeline->Illuminate\\Pipeline\\{closure}(Object(Illuminate\\Http\\Request))
#35 C:\\xampp\\htdocs\\elastic-search-first\\vendor\\laravel\\framework\\src\\Illuminate\\Foundation\\Http\\Middleware\\ConvertEmptyStringsToNull.php(31): Illuminate\\Foundation\\Http\\Middleware\\TransformsRequest->handle(Object(Illuminate\\Http\\Request), Object(Closure))
#36 C:\\xampp\\htdocs\\elastic-search-first\\vendor\\laravel\\framework\\src\\Illuminate\\Pipeline\\Pipeline.php(180): Illuminate\\Foundation\\Http\\Middleware\\ConvertEmptyStringsToNull->handle(Object(Illuminate\\Http\\Request), Object(Closure))
#37 C:\\xampp\\htdocs\\elastic-search-first\\vendor\\laravel\\framework\\src\\Illuminate\\Foundation\\Http\\Middleware\\TransformsRequest.php(21): Illuminate\\Pipeline\\Pipeline->Illuminate\\Pipeline\\{closure}(Object(Illuminate\\Http\\Request))
#38 C:\\xampp\\htdocs\\elastic-search-first\\vendor\\laravel\\framework\\src\\Illuminate\\Foundation\\Http\\Middleware\\TrimStrings.php(40): Illuminate\\Foundation\\Http\\Middleware\\TransformsRequest->handle(Object(Illuminate\\Http\\Request), Object(Closure))
#39 C:\\xampp\\htdocs\\elastic-search-first\\vendor\\laravel\\framework\\src\\Illuminate\\Pipeline\\Pipeline.php(180): Illuminate\\Foundation\\Http\\Middleware\\TrimStrings->handle(Object(Illuminate\\Http\\Request), Object(Closure))
#40 C:\\xampp\\htdocs\\elastic-search-first\\vendor\\laravel\\framework\\src\\Illuminate\\Foundation\\Http\\Middleware\\ValidatePostSize.php(27): Illuminate\\Pipeline\\Pipeline->Illuminate\\Pipeline\\{closure}(Object(Illuminate\\Http\\Request))
#41 C:\\xampp\\htdocs\\elastic-search-first\\vendor\\laravel\\framework\\src\\Illuminate\\Pipeline\\Pipeline.php(180): Illuminate\\Foundation\\Http\\Middleware\\ValidatePostSize->handle(Object(Illuminate\\Http\\Request), Object(Closure))
#42 C:\\xampp\\htdocs\\elastic-search-first\\vendor\\laravel\\framework\\src\\Illuminate\\Foundation\\Http\\Middleware\\PreventRequestsDuringMaintenance.php(86): Illuminate\\Pipeline\\Pipeline->Illuminate\\Pipeline\\{closure}(Object(Illuminate\\Http\\Request))
#43 C:\\xampp\\htdocs\\elastic-search-first\\vendor\\laravel\\framework\\src\\Illuminate\\Pipeline\\Pipeline.php(180): Illuminate\\Foundation\\Http\\Middleware\\PreventRequestsDuringMaintenance->handle(Object(Illuminate\\Http\\Request), Object(Closure))
#44 C:\\xampp\\htdocs\\elastic-search-first\\vendor\\laravel\\framework\\src\\Illuminate\\Http\\Middleware\\HandleCors.php(62): Illuminate\\Pipeline\\Pipeline->Illuminate\\Pipeline\\{closure}(Object(Illuminate\\Http\\Request))
#45 C:\\xampp\\htdocs\\elastic-search-first\\vendor\\laravel\\framework\\src\\Illuminate\\Pipeline\\Pipeline.php(180): Illuminate\\Http\\Middleware\\HandleCors->handle(Object(Illuminate\\Http\\Request), Object(Closure))
#46 C:\\xampp\\htdocs\\elastic-search-first\\vendor\\laravel\\framework\\src\\Illuminate\\Http\\Middleware\\TrustProxies.php(39): Illuminate\\Pipeline\\Pipeline->Illuminate\\Pipeline\\{closure}(Object(Illuminate\\Http\\Request))
#47 C:\\xampp\\htdocs\\elastic-search-first\\vendor\\laravel\\framework\\src\\Illuminate\\Pipeline\\Pipeline.php(180): Illuminate\\Http\\Middleware\\TrustProxies->handle(Object(Illuminate\\Http\\Request), Object(Closure))
#48 C:\\xampp\\htdocs\\elastic-search-first\\vendor\\laravel\\framework\\src\\Illuminate\\Pipeline\\Pipeline.php(116): Illuminate\\Pipeline\\Pipeline->Illuminate\\Pipeline\\{closure}(Object(Illuminate\\Http\\Request))
#49 C:\\xampp\\htdocs\\elastic-search-first\\vendor\\laravel\\framework\\src\\Illuminate\\Foundation\\Http\\Kernel.php(165): Illuminate\\Pipeline\\Pipeline->then(Object(Closure))
#50 C:\\xampp\\htdocs\\elastic-search-first\\vendor\\laravel\\framework\\src\\Illuminate\\Foundation\\Http\\Kernel.php(134): Illuminate\\Foundation\\Http\\Kernel->sendRequestThroughRouter(Object(Illuminate\\Http\\Request))
#51 C:\\xampp\\htdocs\\elastic-search-first\\public\\index.php(52): Illuminate\\Foundation\\Http\\Kernel->handle(Object(Illuminate\\Http\\Request))
#52 C:\\xampp\\htdocs\\elastic-search-first\\vendor\\laravel\\framework\\src\\Illuminate\\Foundation\\resources\\server.php(16): require_once('C:\\\\xampp\\\\htdocs...')
#53 {main}
"} 
[2023-02-20 12:22:29] local.ERROR: No alive nodes found in your cluster {"exception":"[object] (Elasticsearch\\Common\\Exceptions\\NoNodesAvailableException(code: 0): No alive nodes found in your cluster at C:\\xampp\\htdocs\\elastic-search-first\\vendor\\elasticsearch\\elasticsearch\\src\\Elasticsearch\\ConnectionPool\\StaticNoPingConnectionPool.php:64)
[stacktrace]
#0 C:\\xampp\\htdocs\\elastic-search-first\\vendor\\elasticsearch\\elasticsearch\\src\\Elasticsearch\\Transport.php(82): Elasticsearch\\ConnectionPool\\StaticNoPingConnectionPool->nextConnection()
#1 C:\\xampp\\htdocs\\elastic-search-first\\vendor\\elasticsearch\\elasticsearch\\src\\Elasticsearch\\Transport.php(99): Elasticsearch\\Transport->getConnection()
#2 C:\\xampp\\htdocs\\elastic-search-first\\vendor\\elasticsearch\\elasticsearch\\src\\Elasticsearch\\Connections\\Connection.php(297): Elasticsearch\\Transport->performRequest('PUT', '/posts', Array, '{\"settings\":{\"n...', Array)
#3 C:\\xampp\\htdocs\\elastic-search-first\\vendor\\react\\promise\\src\\FulfilledPromise.php(28): Elasticsearch\\Connections\\Connection->Elasticsearch\\Connections\\{closure}(Array)
#4 C:\\xampp\\htdocs\\elastic-search-first\\vendor\\ezimuel\\ringphp\\src\\Future\\CompletedFutureValue.php(65): React\\Promise\\FulfilledPromise->then(Object(Closure), NULL, NULL)
#5 C:\\xampp\\htdocs\\elastic-search-first\\vendor\\ezimuel\\ringphp\\src\\Core.php(341): GuzzleHttp\\Ring\\Future\\CompletedFutureValue->then(Object(Closure), NULL, NULL)
#6 C:\\xampp\\htdocs\\elastic-search-first\\vendor\\elasticsearch\\elasticsearch\\src\\Elasticsearch\\Connections\\Connection.php(345): GuzzleHttp\\Ring\\Core::proxy(Object(GuzzleHttp\\Ring\\Future\\CompletedFutureArray), Object(Closure))
#7 C:\\xampp\\htdocs\\elastic-search-first\\vendor\\elasticsearch\\elasticsearch\\src\\Elasticsearch\\Connections\\Connection.php(241): Elasticsearch\\Connections\\Connection->Elasticsearch\\Connections\\{closure}(Array, Object(Elasticsearch\\Connections\\Connection), Object(Elasticsearch\\Transport), Array)
#8 C:\\xampp\\htdocs\\elastic-search-first\\vendor\\elasticsearch\\elasticsearch\\src\\Elasticsearch\\Transport.php(110): Elasticsearch\\Connections\\Connection->performRequest('PUT', '/posts', Array, '{\"settings\":{\"n...', Array, Object(Elasticsearch\\Transport))
#9 C:\\xampp\\htdocs\\elastic-search-first\\vendor\\elasticsearch\\elasticsearch\\src\\Elasticsearch\\Namespaces\\AbstractNamespace.php(63): Elasticsearch\\Transport->performRequest('PUT', '/posts', Array, Array, Array)
#10 C:\\xampp\\htdocs\\elastic-search-first\\vendor\\elasticsearch\\elasticsearch\\src\\Elasticsearch\\Namespaces\\IndicesNamespace.php(188): Elasticsearch\\Namespaces\\AbstractNamespace->performRequest(Object(Elasticsearch\\Endpoints\\Indices\\Create))
#11 C:\\xampp\\htdocs\\elastic-search-first\\vendor\\matchory\\elasticsearch\\src\\Index.php(269): Elasticsearch\\Namespaces\\IndicesNamespace->create(Array)
#12 C:\\xampp\\htdocs\\elastic-search-first\\vendor\\matchory\\elasticsearch\\src\\Concerns\\ManagesIndices.php(26): Matchory\\Elasticsearch\\Index->create()
#13 C:\\xampp\\htdocs\\elastic-search-first\\vendor\\matchory\\elasticsearch\\src\\Concerns\\ManagesIndices.php(46): Matchory\\Elasticsearch\\Query->createIndex('posts', NULL)
#14 C:\\xampp\\htdocs\\elastic-search-first\\app\\Http\\Controllers\\Homecontroller.php(25): Matchory\\Elasticsearch\\Query->create()
#15 C:\\xampp\\htdocs\\elastic-search-first\\vendor\\laravel\\framework\\src\\Illuminate\\Routing\\Controller.php(54): App\\Http\\Controllers\\Homecontroller->index()
#16 C:\\xampp\\htdocs\\elastic-search-first\\vendor\\laravel\\framework\\src\\Illuminate\\Routing\\ControllerDispatcher.php(43): Illuminate\\Routing\\Controller->callAction('index', Array)
#17 C:\\xampp\\htdocs\\elastic-search-first\\vendor\\laravel\\framework\\src\\Illuminate\\Routing\\Route.php(260): Illuminate\\Routing\\ControllerDispatcher->dispatch(Object(Illuminate\\Routing\\Route), Object(App\\Http\\Controllers\\Homecontroller), 'index')
#18 C:\\xampp\\htdocs\\elastic-search-first\\vendor\\laravel\\framework\\src\\Illuminate\\Routing\\Route.php(205): Illuminate\\Routing\\Route->runController()
#19 C:\\xampp\\htdocs\\elastic-search-first\\vendor\\laravel\\framework\\src\\Illuminate\\Routing\\Router.php(798): Illuminate\\Routing\\Route->run()
#20 C:\\xampp\\htdocs\\elastic-search-first\\vendor\\laravel\\framework\\src\\Illuminate\\Pipeline\\Pipeline.php(141): Illuminate\\Routing\\Router->Illuminate\\Routing\\{closure}(Object(Illuminate\\Http\\Request))
#21 C:\\xampp\\htdocs\\elastic-search-first\\vendor\\laravel\\framework\\src\\Illuminate\\Routing\\Middleware\\SubstituteBindings.php(50): Illuminate\\Pipeline\\Pipeline->Illuminate\\Pipeline\\{closure}(Object(Illuminate\\Http\\Request))
#22 C:\\xampp\\htdocs\\elastic-search-first\\vendor\\laravel\\framework\\src\\Illuminate\\Pipeline\\Pipeline.php(180): Illuminate\\Routing\\Middleware\\SubstituteBindings->handle(Object(Illuminate\\Http\\Request), Object(Closure))
#23 C:\\xampp\\htdocs\\elastic-search-first\\vendor\\laravel\\framework\\src\\Illuminate\\Routing\\Middleware\\ThrottleRequests.php(126): Illuminate\\Pipeline\\Pipeline->Illuminate\\Pipeline\\{closure}(Object(Illuminate\\Http\\Request))
#24 C:\\xampp\\htdocs\\elastic-search-first\\vendor\\laravel\\framework\\src\\Illuminate\\Routing\\Middleware\\ThrottleRequests.php(102): Illuminate\\Routing\\Middleware\\ThrottleRequests->handleRequest(Object(Illuminate\\Http\\Request), Object(Closure), Array)
#25 C:\\xampp\\htdocs\\elastic-search-first\\vendor\\laravel\\framework\\src\\Illuminate\\Routing\\Middleware\\ThrottleRequests.php(54): Illuminate\\Routing\\Middleware\\ThrottleRequests->handleRequestUsingNamedLimiter(Object(Illuminate\\Http\\Request), Object(Closure), 'api', Object(Closure))
#26 C:\\xampp\\htdocs\\elastic-search-first\\vendor\\laravel\\framework\\src\\Illuminate\\Pipeline\\Pipeline.php(180): Illuminate\\Routing\\Middleware\\ThrottleRequests->handle(Object(Illuminate\\Http\\Request), Object(Closure), 'api')
#27 C:\\xampp\\htdocs\\elastic-search-first\\vendor\\laravel\\framework\\src\\Illuminate\\Pipeline\\Pipeline.php(116): Illuminate\\Pipeline\\Pipeline->Illuminate\\Pipeline\\{closure}(Object(Illuminate\\Http\\Request))
#28 C:\\xampp\\htdocs\\elastic-search-first\\vendor\\laravel\\framework\\src\\Illuminate\\Routing\\Router.php(799): Illuminate\\Pipeline\\Pipeline->then(Object(Closure))
#29 C:\\xampp\\htdocs\\elastic-search-first\\vendor\\laravel\\framework\\src\\Illuminate\\Routing\\Router.php(776): Illuminate\\Routing\\Router->runRouteWithinStack(Object(Illuminate\\Routing\\Route), Object(Illuminate\\Http\\Request))
#30 C:\\xampp\\htdocs\\elastic-search-first\\vendor\\laravel\\framework\\src\\Illuminate\\Routing\\Router.php(740): Illuminate\\Routing\\Router->runRoute(Object(Illuminate\\Http\\Request), Object(Illuminate\\Routing\\Route))
#31 C:\\xampp\\htdocs\\elastic-search-first\\vendor\\laravel\\framework\\src\\Illuminate\\Routing\\Router.php(729): Illuminate\\Routing\\Router->dispatchToRoute(Object(Illuminate\\Http\\Request))
#32 C:\\xampp\\htdocs\\elastic-search-first\\vendor\\laravel\\framework\\src\\Illuminate\\Foundation\\Http\\Kernel.php(190): Illuminate\\Routing\\Router->dispatch(Object(Illuminate\\Http\\Request))
#33 C:\\xampp\\htdocs\\elastic-search-first\\vendor\\laravel\\framework\\src\\Illuminate\\Pipeline\\Pipeline.php(141): Illuminate\\Foundation\\Http\\Kernel->Illuminate\\Foundation\\Http\\{closure}(Object(Illuminate\\Http\\Request))
#34 C:\\xampp\\htdocs\\elastic-search-first\\vendor\\laravel\\framework\\src\\Illuminate\\Foundation\\Http\\Middleware\\TransformsRequest.php(21): Illuminate\\Pipeline\\Pipeline->Illuminate\\Pipeline\\{closure}(Object(Illuminate\\Http\\Request))
#35 C:\\xampp\\htdocs\\elastic-search-first\\vendor\\laravel\\framework\\src\\Illuminate\\Foundation\\Http\\Middleware\\ConvertEmptyStringsToNull.php(31): Illuminate\\Foundation\\Http\\Middleware\\TransformsRequest->handle(Object(Illuminate\\Http\\Request), Object(Closure))
#36 C:\\xampp\\htdocs\\elastic-search-first\\vendor\\laravel\\framework\\src\\Illuminate\\Pipeline\\Pipeline.php(180): Illuminate\\Foundation\\Http\\Middleware\\ConvertEmptyStringsToNull->handle(Object(Illuminate\\Http\\Request), Object(Closure))
#37 C:\\xampp\\htdocs\\elastic-search-first\\vendor\\laravel\\framework\\src\\Illuminate\\Foundation\\Http\\Middleware\\TransformsRequest.php(21): Illuminate\\Pipeline\\Pipeline->Illuminate\\Pipeline\\{closure}(Object(Illuminate\\Http\\Request))
#38 C:\\xampp\\htdocs\\elastic-search-first\\vendor\\laravel\\framework\\src\\Illuminate\\Foundation\\Http\\Middleware\\TrimStrings.php(40): Illuminate\\Foundation\\Http\\Middleware\\TransformsRequest->handle(Object(Illuminate\\Http\\Request), Object(Closure))
#39 C:\\xampp\\htdocs\\elastic-search-first\\vendor\\laravel\\framework\\src\\Illuminate\\Pipeline\\Pipeline.php(180): Illuminate\\Foundation\\Http\\Middleware\\TrimStrings->handle(Object(Illuminate\\Http\\Request), Object(Closure))
#40 C:\\xampp\\htdocs\\elastic-search-first\\vendor\\laravel\\framework\\src\\Illuminate\\Foundation\\Http\\Middleware\\ValidatePostSize.php(27): Illuminate\\Pipeline\\Pipeline->Illuminate\\Pipeline\\{closure}(Object(Illuminate\\Http\\Request))
#41 C:\\xampp\\htdocs\\elastic-search-first\\vendor\\laravel\\framework\\src\\Illuminate\\Pipeline\\Pipeline.php(180): Illuminate\\Foundation\\Http\\Middleware\\ValidatePostSize->handle(Object(Illuminate\\Http\\Request), Object(Closure))
#42 C:\\xampp\\htdocs\\elastic-search-first\\vendor\\laravel\\framework\\src\\Illuminate\\Foundation\\Http\\Middleware\\PreventRequestsDuringMaintenance.php(86): Illuminate\\Pipeline\\Pipeline->Illuminate\\Pipeline\\{closure}(Object(Illuminate\\Http\\Request))
#43 C:\\xampp\\htdocs\\elastic-search-first\\vendor\\laravel\\framework\\src\\Illuminate\\Pipeline\\Pipeline.php(180): Illuminate\\Foundation\\Http\\Middleware\\PreventRequestsDuringMaintenance->handle(Object(Illuminate\\Http\\Request), Object(Closure))
#44 C:\\xampp\\htdocs\\elastic-search-first\\vendor\\laravel\\framework\\src\\Illuminate\\Http\\Middleware\\HandleCors.php(62): Illuminate\\Pipeline\\Pipeline->Illuminate\\Pipeline\\{closure}(Object(Illuminate\\Http\\Request))
#45 C:\\xampp\\htdocs\\elastic-search-first\\vendor\\laravel\\framework\\src\\Illuminate\\Pipeline\\Pipeline.php(180): Illuminate\\Http\\Middleware\\HandleCors->handle(Object(Illuminate\\Http\\Request), Object(Closure))
#46 C:\\xampp\\htdocs\\elastic-search-first\\vendor\\laravel\\framework\\src\\Illuminate\\Http\\Middleware\\TrustProxies.php(39): Illuminate\\Pipeline\\Pipeline->Illuminate\\Pipeline\\{closure}(Object(Illuminate\\Http\\Request))
#47 C:\\xampp\\htdocs\\elastic-search-first\\vendor\\laravel\\framework\\src\\Illuminate\\Pipeline\\Pipeline.php(180): Illuminate\\Http\\Middleware\\TrustProxies->handle(Object(Illuminate\\Http\\Request), Object(Closure))
#48 C:\\xampp\\htdocs\\elastic-search-first\\vendor\\laravel\\framework\\src\\Illuminate\\Pipeline\\Pipeline.php(116): Illuminate\\Pipeline\\Pipeline->Illuminate\\Pipeline\\{closure}(Object(Illuminate\\Http\\Request))
#49 C:\\xampp\\htdocs\\elastic-search-first\\vendor\\laravel\\framework\\src\\Illuminate\\Foundation\\Http\\Kernel.php(165): Illuminate\\Pipeline\\Pipeline->then(Object(Closure))
#50 C:\\xampp\\htdocs\\elastic-search-first\\vendor\\laravel\\framework\\src\\Illuminate\\Foundation\\Http\\Kernel.php(134): Illuminate\\Foundation\\Http\\Kernel->sendRequestThroughRouter(Object(Illuminate\\Http\\Request))
#51 C:\\xampp\\htdocs\\elastic-search-first\\public\\index.php(52): Illuminate\\Foundation\\Http\\Kernel->handle(Object(Illuminate\\Http\\Request))
#52 C:\\xampp\\htdocs\\elastic-search-first\\vendor\\laravel\\framework\\src\\Illuminate\\Foundation\\resources\\server.php(16): require_once('C:\\\\xampp\\\\htdocs...')
#53 {main}
"} 
[2023-02-20 12:33:41] local.ERROR: No alive nodes found in your cluster {"exception":"[object] (Elasticsearch\\Common\\Exceptions\\NoNodesAvailableException(code: 0): No alive nodes found in your cluster at C:\\xampp\\htdocs\\elastic-search-first\\vendor\\elasticsearch\\elasticsearch\\src\\Elasticsearch\\ConnectionPool\\StaticNoPingConnectionPool.php:64)
[stacktrace]
#0 C:\\xampp\\htdocs\\elastic-search-first\\vendor\\elasticsearch\\elasticsearch\\src\\Elasticsearch\\Transport.php(82): Elasticsearch\\ConnectionPool\\StaticNoPingConnectionPool->nextConnection()
#1 C:\\xampp\\htdocs\\elastic-search-first\\vendor\\elasticsearch\\elasticsearch\\src\\Elasticsearch\\Transport.php(99): Elasticsearch\\Transport->getConnection()
#2 C:\\xampp\\htdocs\\elastic-search-first\\vendor\\elasticsearch\\elasticsearch\\src\\Elasticsearch\\Connections\\Connection.php(297): Elasticsearch\\Transport->performRequest('GET', '/_cat/indices', Array, NULL, Array)
#3 C:\\xampp\\htdocs\\elastic-search-first\\vendor\\react\\promise\\src\\FulfilledPromise.php(28): Elasticsearch\\Connections\\Connection->Elasticsearch\\Connections\\{closure}(Array)
#4 C:\\xampp\\htdocs\\elastic-search-first\\vendor\\ezimuel\\ringphp\\src\\Future\\CompletedFutureValue.php(65): React\\Promise\\FulfilledPromise->then(Object(Closure), NULL, NULL)
#5 C:\\xampp\\htdocs\\elastic-search-first\\vendor\\ezimuel\\ringphp\\src\\Core.php(341): GuzzleHttp\\Ring\\Future\\CompletedFutureValue->then(Object(Closure), NULL, NULL)
#6 C:\\xampp\\htdocs\\elastic-search-first\\vendor\\elasticsearch\\elasticsearch\\src\\Elasticsearch\\Connections\\Connection.php(345): GuzzleHttp\\Ring\\Core::proxy(Object(GuzzleHttp\\Ring\\Future\\CompletedFutureArray), Object(Closure))
#7 C:\\xampp\\htdocs\\elastic-search-first\\vendor\\elasticsearch\\elasticsearch\\src\\Elasticsearch\\Connections\\Connection.php(241): Elasticsearch\\Connections\\Connection->Elasticsearch\\Connections\\{closure}(Array, Object(Elasticsearch\\Connections\\Connection), Object(Elasticsearch\\Transport), Array)
#8 C:\\xampp\\htdocs\\elastic-search-first\\vendor\\elasticsearch\\elasticsearch\\src\\Elasticsearch\\Transport.php(110): Elasticsearch\\Connections\\Connection->performRequest('GET', '/_cat/indices', Array, NULL, Array, Object(Elasticsearch\\Transport))
#9 C:\\xampp\\htdocs\\elastic-search-first\\vendor\\elasticsearch\\elasticsearch\\src\\Elasticsearch\\Namespaces\\AbstractNamespace.php(63): Elasticsearch\\Transport->performRequest('GET', '/_cat/indices', Array, NULL, Array)
#10 C:\\xampp\\htdocs\\elastic-search-first\\vendor\\elasticsearch\\elasticsearch\\src\\Elasticsearch\\Namespaces\\CatNamespace.php(210): Elasticsearch\\Namespaces\\AbstractNamespace->performRequest(Object(Elasticsearch\\Endpoints\\Cat\\Indices))
#11 C:\\xampp\\htdocs\\elastic-search-first\\vendor\\matchory\\elasticsearch\\src\\Commands\\ListIndicesCommand.php(82): Elasticsearch\\Namespaces\\CatNamespace->indices()
#12 C:\\xampp\\htdocs\\elastic-search-first\\vendor\\laravel\\framework\\src\\Illuminate\\Container\\BoundMethod.php(36): Matchory\\Elasticsearch\\Commands\\ListIndicesCommand->handle()
#13 C:\\xampp\\htdocs\\elastic-search-first\\vendor\\laravel\\framework\\src\\Illuminate\\Container\\Util.php(41): Illuminate\\Container\\BoundMethod::Illuminate\\Container\\{closure}()
#14 C:\\xampp\\htdocs\\elastic-search-first\\vendor\\laravel\\framework\\src\\Illuminate\\Container\\BoundMethod.php(93): Illuminate\\Container\\Util::unwrapIfClosure(Object(Closure))
#15 C:\\xampp\\htdocs\\elastic-search-first\\vendor\\laravel\\framework\\src\\Illuminate\\Container\\BoundMethod.php(37): Illuminate\\Container\\BoundMethod::callBoundMethod(Object(Illuminate\\Foundation\\Application), Array, Object(Closure))
#16 C:\\xampp\\htdocs\\elastic-search-first\\vendor\\laravel\\framework\\src\\Illuminate\\Container\\Container.php(661): Illuminate\\Container\\BoundMethod::call(Object(Illuminate\\Foundation\\Application), Array, Array, NULL)
#17 C:\\xampp\\htdocs\\elastic-search-first\\vendor\\laravel\\framework\\src\\Illuminate\\Console\\Command.php(183): Illuminate\\Container\\Container->call(Array)
#18 C:\\xampp\\htdocs\\elastic-search-first\\vendor\\symfony\\console\\Command\\Command.php(291): Illuminate\\Console\\Command->execute(Object(Symfony\\Component\\Console\\Input\\ArgvInput), Object(Illuminate\\Console\\OutputStyle))
#19 C:\\xampp\\htdocs\\elastic-search-first\\vendor\\laravel\\framework\\src\\Illuminate\\Console\\Command.php(153): Symfony\\Component\\Console\\Command\\Command->run(Object(Symfony\\Component\\Console\\Input\\ArgvInput), Object(Illuminate\\Console\\OutputStyle))
#20 C:\\xampp\\htdocs\\elastic-search-first\\vendor\\symfony\\console\\Application.php(1014): Illuminate\\Console\\Command->run(Object(Symfony\\Component\\Console\\Input\\ArgvInput), Object(Symfony\\Component\\Console\\Output\\ConsoleOutput))
#21 C:\\xampp\\htdocs\\elastic-search-first\\vendor\\symfony\\console\\Application.php(301): Symfony\\Component\\Console\\Application->doRunCommand(Object(Matchory\\Elasticsearch\\Commands\\ListIndicesCommand), Object(Symfony\\Component\\Console\\Input\\ArgvInput), Object(Symfony\\Component\\Console\\Output\\ConsoleOutput))
#22 C:\\xampp\\htdocs\\elastic-search-first\\vendor\\symfony\\console\\Application.php(171): Symfony\\Component\\Console\\Application->doRun(Object(Symfony\\Component\\Console\\Input\\ArgvInput), Object(Symfony\\Component\\Console\\Output\\ConsoleOutput))
#23 C:\\xampp\\htdocs\\elastic-search-first\\vendor\\laravel\\framework\\src\\Illuminate\\Console\\Application.php(102): Symfony\\Component\\Console\\Application->run(Object(Symfony\\Component\\Console\\Input\\ArgvInput), Object(Symfony\\Component\\Console\\Output\\ConsoleOutput))
#24 C:\\xampp\\htdocs\\elastic-search-first\\vendor\\laravel\\framework\\src\\Illuminate\\Foundation\\Console\\Kernel.php(155): Illuminate\\Console\\Application->run(Object(Symfony\\Component\\Console\\Input\\ArgvInput), Object(Symfony\\Component\\Console\\Output\\ConsoleOutput))
#25 C:\\xampp\\htdocs\\elastic-search-first\\artisan(37): Illuminate\\Foundation\\Console\\Kernel->handle(Object(Symfony\\Component\\Console\\Input\\ArgvInput), Object(Symfony\\Component\\Console\\Output\\ConsoleOutput))
#26 {main}
"} 
[2023-02-20 12:35:36] local.ERROR: No alive nodes found in your cluster {"exception":"[object] (Elasticsearch\\Common\\Exceptions\\NoNodesAvailableException(code: 0): No alive nodes found in your cluster at C:\\xampp\\htdocs\\elastic-search-first\\vendor\\elasticsearch\\elasticsearch\\src\\Elasticsearch\\ConnectionPool\\StaticNoPingConnectionPool.php:64)
[stacktrace]
#0 C:\\xampp\\htdocs\\elastic-search-first\\vendor\\elasticsearch\\elasticsearch\\src\\Elasticsearch\\Transport.php(82): Elasticsearch\\ConnectionPool\\StaticNoPingConnectionPool->nextConnection()
#1 C:\\xampp\\htdocs\\elastic-search-first\\vendor\\elasticsearch\\elasticsearch\\src\\Elasticsearch\\Transport.php(99): Elasticsearch\\Transport->getConnection()
#2 C:\\xampp\\htdocs\\elastic-search-first\\vendor\\elasticsearch\\elasticsearch\\src\\Elasticsearch\\Connections\\Connection.php(297): Elasticsearch\\Transport->performRequest('GET', '/_cat/indices', Array, NULL, Array)
#3 C:\\xampp\\htdocs\\elastic-search-first\\vendor\\react\\promise\\src\\FulfilledPromise.php(28): Elasticsearch\\Connections\\Connection->Elasticsearch\\Connections\\{closure}(Array)
#4 C:\\xampp\\htdocs\\elastic-search-first\\vendor\\ezimuel\\ringphp\\src\\Future\\CompletedFutureValue.php(65): React\\Promise\\FulfilledPromise->then(Object(Closure), NULL, NULL)
#5 C:\\xampp\\htdocs\\elastic-search-first\\vendor\\ezimuel\\ringphp\\src\\Core.php(341): GuzzleHttp\\Ring\\Future\\CompletedFutureValue->then(Object(Closure), NULL, NULL)
#6 C:\\xampp\\htdocs\\elastic-search-first\\vendor\\elasticsearch\\elasticsearch\\src\\Elasticsearch\\Connections\\Connection.php(345): GuzzleHttp\\Ring\\Core::proxy(Object(GuzzleHttp\\Ring\\Future\\CompletedFutureArray), Object(Closure))
#7 C:\\xampp\\htdocs\\elastic-search-first\\vendor\\elasticsearch\\elasticsearch\\src\\Elasticsearch\\Connections\\Connection.php(241): Elasticsearch\\Connections\\Connection->Elasticsearch\\Connections\\{closure}(Array, Object(Elasticsearch\\Connections\\Connection), Object(Elasticsearch\\Transport), Array)
#8 C:\\xampp\\htdocs\\elastic-search-first\\vendor\\elasticsearch\\elasticsearch\\src\\Elasticsearch\\Transport.php(110): Elasticsearch\\Connections\\Connection->performRequest('GET', '/_cat/indices', Array, NULL, Array, Object(Elasticsearch\\Transport))
#9 C:\\xampp\\htdocs\\elastic-search-first\\vendor\\elasticsearch\\elasticsearch\\src\\Elasticsearch\\Namespaces\\AbstractNamespace.php(63): Elasticsearch\\Transport->performRequest('GET', '/_cat/indices', Array, NULL, Array)
#10 C:\\xampp\\htdocs\\elastic-search-first\\vendor\\elasticsearch\\elasticsearch\\src\\Elasticsearch\\Namespaces\\CatNamespace.php(210): Elasticsearch\\Namespaces\\AbstractNamespace->performRequest(Object(Elasticsearch\\Endpoints\\Cat\\Indices))
#11 C:\\xampp\\htdocs\\elastic-search-first\\vendor\\matchory\\elasticsearch\\src\\Commands\\ListIndicesCommand.php(82): Elasticsearch\\Namespaces\\CatNamespace->indices()
#12 C:\\xampp\\htdocs\\elastic-search-first\\vendor\\laravel\\framework\\src\\Illuminate\\Container\\BoundMethod.php(36): Matchory\\Elasticsearch\\Commands\\ListIndicesCommand->handle()
#13 C:\\xampp\\htdocs\\elastic-search-first\\vendor\\laravel\\framework\\src\\Illuminate\\Container\\Util.php(41): Illuminate\\Container\\BoundMethod::Illuminate\\Container\\{closure}()
#14 C:\\xampp\\htdocs\\elastic-search-first\\vendor\\laravel\\framework\\src\\Illuminate\\Container\\BoundMethod.php(93): Illuminate\\Container\\Util::unwrapIfClosure(Object(Closure))
#15 C:\\xampp\\htdocs\\elastic-search-first\\vendor\\laravel\\framework\\src\\Illuminate\\Container\\BoundMethod.php(37): Illuminate\\Container\\BoundMethod::callBoundMethod(Object(Illuminate\\Foundation\\Application), Array, Object(Closure))
#16 C:\\xampp\\htdocs\\elastic-search-first\\vendor\\laravel\\framework\\src\\Illuminate\\Container\\Container.php(661): Illuminate\\Container\\BoundMethod::call(Object(Illuminate\\Foundation\\Application), Array, Array, NULL)
#17 C:\\xampp\\htdocs\\elastic-search-first\\vendor\\laravel\\framework\\src\\Illuminate\\Console\\Command.php(183): Illuminate\\Container\\Container->call(Array)
#18 C:\\xampp\\htdocs\\elastic-search-first\\vendor\\symfony\\console\\Command\\Command.php(291): Illuminate\\Console\\Command->execute(Object(Symfony\\Component\\Console\\Input\\ArgvInput), Object(Illuminate\\Console\\OutputStyle))
#19 C:\\xampp\\htdocs\\elastic-search-first\\vendor\\laravel\\framework\\src\\Illuminate\\Console\\Command.php(153): Symfony\\Component\\Console\\Command\\Command->run(Object(Symfony\\Component\\Console\\Input\\ArgvInput), Object(Illuminate\\Console\\OutputStyle))
#20 C:\\xampp\\htdocs\\elastic-search-first\\vendor\\symfony\\console\\Application.php(1014): Illuminate\\Console\\Command->run(Object(Symfony\\Component\\Console\\Input\\ArgvInput), Object(Symfony\\Component\\Console\\Output\\ConsoleOutput))
#21 C:\\xampp\\htdocs\\elastic-search-first\\vendor\\symfony\\console\\Application.php(301): Symfony\\Component\\Console\\Application->doRunCommand(Object(Matchory\\Elasticsearch\\Commands\\ListIndicesCommand), Object(Symfony\\Component\\Console\\Input\\ArgvInput), Object(Symfony\\Component\\Console\\Output\\ConsoleOutput))
#22 C:\\xampp\\htdocs\\elastic-search-first\\vendor\\symfony\\console\\Application.php(171): Symfony\\Component\\Console\\Application->doRun(Object(Symfony\\Component\\Console\\Input\\ArgvInput), Object(Symfony\\Component\\Console\\Output\\ConsoleOutput))
#23 C:\\xampp\\htdocs\\elastic-search-first\\vendor\\laravel\\framework\\src\\Illuminate\\Console\\Application.php(102): Symfony\\Component\\Console\\Application->run(Object(Symfony\\Component\\Console\\Input\\ArgvInput), Object(Symfony\\Component\\Console\\Output\\ConsoleOutput))
#24 C:\\xampp\\htdocs\\elastic-search-first\\vendor\\laravel\\framework\\src\\Illuminate\\Foundation\\Console\\Kernel.php(155): Illuminate\\Console\\Application->run(Object(Symfony\\Component\\Console\\Input\\ArgvInput), Object(Symfony\\Component\\Console\\Output\\ConsoleOutput))
#25 C:\\xampp\\htdocs\\elastic-search-first\\artisan(37): Illuminate\\Foundation\\Console\\Kernel->handle(Object(Symfony\\Component\\Console\\Input\\ArgvInput), Object(Symfony\\Component\\Console\\Output\\ConsoleOutput))
#26 {main}
"} 
[2023-02-20 12:50:32] local.ERROR: No alive nodes found in your cluster {"exception":"[object] (Elasticsearch\\Common\\Exceptions\\NoNodesAvailableException(code: 0): No alive nodes found in your cluster at C:\\xampp\\htdocs\\elastic-search-first\\vendor\\elasticsearch\\elasticsearch\\src\\Elasticsearch\\ConnectionPool\\StaticNoPingConnectionPool.php:64)
[stacktrace]
#0 C:\\xampp\\htdocs\\elastic-search-first\\vendor\\elasticsearch\\elasticsearch\\src\\Elasticsearch\\Transport.php(82): Elasticsearch\\ConnectionPool\\StaticNoPingConnectionPool->nextConnection()
#1 C:\\xampp\\htdocs\\elastic-search-first\\vendor\\elasticsearch\\elasticsearch\\src\\Elasticsearch\\Transport.php(99): Elasticsearch\\Transport->getConnection()
#2 C:\\xampp\\htdocs\\elastic-search-first\\vendor\\elasticsearch\\elasticsearch\\src\\Elasticsearch\\Connections\\Connection.php(297): Elasticsearch\\Transport->performRequest('POST', '/products/_sear...', Array, '{\"query\":{\"matc...', Array)
#3 C:\\xampp\\htdocs\\elastic-search-first\\vendor\\react\\promise\\src\\FulfilledPromise.php(28): Elasticsearch\\Connections\\Connection->Elasticsearch\\Connections\\{closure}(Array)
#4 C:\\xampp\\htdocs\\elastic-search-first\\vendor\\ezimuel\\ringphp\\src\\Future\\CompletedFutureValue.php(65): React\\Promise\\FulfilledPromise->then(Object(Closure), NULL, NULL)
#5 C:\\xampp\\htdocs\\elastic-search-first\\vendor\\ezimuel\\ringphp\\src\\Core.php(341): GuzzleHttp\\Ring\\Future\\CompletedFutureValue->then(Object(Closure), NULL, NULL)
#6 C:\\xampp\\htdocs\\elastic-search-first\\vendor\\elasticsearch\\elasticsearch\\src\\Elasticsearch\\Connections\\Connection.php(345): GuzzleHttp\\Ring\\Core::proxy(Object(GuzzleHttp\\Ring\\Future\\CompletedFutureArray), Object(Closure))
#7 C:\\xampp\\htdocs\\elastic-search-first\\vendor\\elasticsearch\\elasticsearch\\src\\Elasticsearch\\Connections\\Connection.php(241): Elasticsearch\\Connections\\Connection->Elasticsearch\\Connections\\{closure}(Array, Object(Elasticsearch\\Connections\\Connection), Object(Elasticsearch\\Transport), Array)
#8 C:\\xampp\\htdocs\\elastic-search-first\\vendor\\elasticsearch\\elasticsearch\\src\\Elasticsearch\\Transport.php(110): Elasticsearch\\Connections\\Connection->performRequest('POST', '/products/_sear...', Array, '{\"query\":{\"matc...', Array, Object(Elasticsearch\\Transport))
#9 C:\\xampp\\htdocs\\elastic-search-first\\vendor\\elasticsearch\\elasticsearch\\src\\Elasticsearch\\Client.php(1929): Elasticsearch\\Transport->performRequest('POST', '/products/_sear...', Array, Array, Array)
#10 C:\\xampp\\htdocs\\elastic-search-first\\vendor\\elasticsearch\\elasticsearch\\src\\Elasticsearch\\Client.php(1353): Elasticsearch\\Client->performRequest(Object(Elasticsearch\\Endpoints\\Search))
#11 C:\\xampp\\htdocs\\elastic-search-first\\app\\Http\\Controllers\\ProductController.php(22): Elasticsearch\\Client->search(Array)
#12 C:\\xampp\\htdocs\\elastic-search-first\\vendor\\laravel\\framework\\src\\Illuminate\\Routing\\Controller.php(54): App\\Http\\Controllers\\ProductController->index(Object(Illuminate\\Http\\Request))
#13 C:\\xampp\\htdocs\\elastic-search-first\\vendor\\laravel\\framework\\src\\Illuminate\\Routing\\ControllerDispatcher.php(43): Illuminate\\Routing\\Controller->callAction('index', Array)
#14 C:\\xampp\\htdocs\\elastic-search-first\\vendor\\laravel\\framework\\src\\Illuminate\\Routing\\Route.php(260): Illuminate\\Routing\\ControllerDispatcher->dispatch(Object(Illuminate\\Routing\\Route), Object(App\\Http\\Controllers\\ProductController), 'index')
#15 C:\\xampp\\htdocs\\elastic-search-first\\vendor\\laravel\\framework\\src\\Illuminate\\Routing\\Route.php(205): Illuminate\\Routing\\Route->runController()
#16 C:\\xampp\\htdocs\\elastic-search-first\\vendor\\laravel\\framework\\src\\Illuminate\\Routing\\Router.php(798): Illuminate\\Routing\\Route->run()
#17 C:\\xampp\\htdocs\\elastic-search-first\\vendor\\laravel\\framework\\src\\Illuminate\\Pipeline\\Pipeline.php(141): Illuminate\\Routing\\Router->Illuminate\\Routing\\{closure}(Object(Illuminate\\Http\\Request))
#18 C:\\xampp\\htdocs\\elastic-search-first\\vendor\\laravel\\framework\\src\\Illuminate\\Routing\\Middleware\\SubstituteBindings.php(50): Illuminate\\Pipeline\\Pipeline->Illuminate\\Pipeline\\{closure}(Object(Illuminate\\Http\\Request))
#19 C:\\xampp\\htdocs\\elastic-search-first\\vendor\\laravel\\framework\\src\\Illuminate\\Pipeline\\Pipeline.php(180): Illuminate\\Routing\\Middleware\\SubstituteBindings->handle(Object(Illuminate\\Http\\Request), Object(Closure))
#20 C:\\xampp\\htdocs\\elastic-search-first\\vendor\\laravel\\framework\\src\\Illuminate\\Routing\\Middleware\\ThrottleRequests.php(126): Illuminate\\Pipeline\\Pipeline->Illuminate\\Pipeline\\{closure}(Object(Illuminate\\Http\\Request))
#21 C:\\xampp\\htdocs\\elastic-search-first\\vendor\\laravel\\framework\\src\\Illuminate\\Routing\\Middleware\\ThrottleRequests.php(102): Illuminate\\Routing\\Middleware\\ThrottleRequests->handleRequest(Object(Illuminate\\Http\\Request), Object(Closure), Array)
#22 C:\\xampp\\htdocs\\elastic-search-first\\vendor\\laravel\\framework\\src\\Illuminate\\Routing\\Middleware\\ThrottleRequests.php(54): Illuminate\\Routing\\Middleware\\ThrottleRequests->handleRequestUsingNamedLimiter(Object(Illuminate\\Http\\Request), Object(Closure), 'api', Object(Closure))
#23 C:\\xampp\\htdocs\\elastic-search-first\\vendor\\laravel\\framework\\src\\Illuminate\\Pipeline\\Pipeline.php(180): Illuminate\\Routing\\Middleware\\ThrottleRequests->handle(Object(Illuminate\\Http\\Request), Object(Closure), 'api')
#24 C:\\xampp\\htdocs\\elastic-search-first\\vendor\\laravel\\framework\\src\\Illuminate\\Pipeline\\Pipeline.php(116): Illuminate\\Pipeline\\Pipeline->Illuminate\\Pipeline\\{closure}(Object(Illuminate\\Http\\Request))
#25 C:\\xampp\\htdocs\\elastic-search-first\\vendor\\laravel\\framework\\src\\Illuminate\\Routing\\Router.php(799): Illuminate\\Pipeline\\Pipeline->then(Object(Closure))
#26 C:\\xampp\\htdocs\\elastic-search-first\\vendor\\laravel\\framework\\src\\Illuminate\\Routing\\Router.php(776): Illuminate\\Routing\\Router->runRouteWithinStack(Object(Illuminate\\Routing\\Route), Object(Illuminate\\Http\\Request))
#27 C:\\xampp\\htdocs\\elastic-search-first\\vendor\\laravel\\framework\\src\\Illuminate\\Routing\\Router.php(740): Illuminate\\Routing\\Router->runRoute(Object(Illuminate\\Http\\Request), Object(Illuminate\\Routing\\Route))
#28 C:\\xampp\\htdocs\\elastic-search-first\\vendor\\laravel\\framework\\src\\Illuminate\\Routing\\Router.php(729): Illuminate\\Routing\\Router->dispatchToRoute(Object(Illuminate\\Http\\Request))
#29 C:\\xampp\\htdocs\\elastic-search-first\\vendor\\laravel\\framework\\src\\Illuminate\\Foundation\\Http\\Kernel.php(190): Illuminate\\Routing\\Router->dispatch(Object(Illuminate\\Http\\Request))
#30 C:\\xampp\\htdocs\\elastic-search-first\\vendor\\laravel\\framework\\src\\Illuminate\\Pipeline\\Pipeline.php(141): Illuminate\\Foundation\\Http\\Kernel->Illuminate\\Foundation\\Http\\{closure}(Object(Illuminate\\Http\\Request))
#31 C:\\xampp\\htdocs\\elastic-search-first\\vendor\\laravel\\framework\\src\\Illuminate\\Foundation\\Http\\Middleware\\TransformsRequest.php(21): Illuminate\\Pipeline\\Pipeline->Illuminate\\Pipeline\\{closure}(Object(Illuminate\\Http\\Request))
#32 C:\\xampp\\htdocs\\elastic-search-first\\vendor\\laravel\\framework\\src\\Illuminate\\Foundation\\Http\\Middleware\\ConvertEmptyStringsToNull.php(31): Illuminate\\Foundation\\Http\\Middleware\\TransformsRequest->handle(Object(Illuminate\\Http\\Request), Object(Closure))
#33 C:\\xampp\\htdocs\\elastic-search-first\\vendor\\laravel\\framework\\src\\Illuminate\\Pipeline\\Pipeline.php(180): Illuminate\\Foundation\\Http\\Middleware\\ConvertEmptyStringsToNull->handle(Object(Illuminate\\Http\\Request), Object(Closure))
#34 C:\\xampp\\htdocs\\elastic-search-first\\vendor\\laravel\\framework\\src\\Illuminate\\Foundation\\Http\\Middleware\\TransformsRequest.php(21): Illuminate\\Pipeline\\Pipeline->Illuminate\\Pipeline\\{closure}(Object(Illuminate\\Http\\Request))
#35 C:\\xampp\\htdocs\\elastic-search-first\\vendor\\laravel\\framework\\src\\Illuminate\\Foundation\\Http\\Middleware\\TrimStrings.php(40): Illuminate\\Foundation\\Http\\Middleware\\TransformsRequest->handle(Object(Illuminate\\Http\\Request), Object(Closure))
#36 C:\\xampp\\htdocs\\elastic-search-first\\vendor\\laravel\\framework\\src\\Illuminate\\Pipeline\\Pipeline.php(180): Illuminate\\Foundation\\Http\\Middleware\\TrimStrings->handle(Object(Illuminate\\Http\\Request), Object(Closure))
#37 C:\\xampp\\htdocs\\elastic-search-first\\vendor\\laravel\\framework\\src\\Illuminate\\Foundation\\Http\\Middleware\\ValidatePostSize.php(27): Illuminate\\Pipeline\\Pipeline->Illuminate\\Pipeline\\{closure}(Object(Illuminate\\Http\\Request))
#38 C:\\xampp\\htdocs\\elastic-search-first\\vendor\\laravel\\framework\\src\\Illuminate\\Pipeline\\Pipeline.php(180): Illuminate\\Foundation\\Http\\Middleware\\ValidatePostSize->handle(Object(Illuminate\\Http\\Request), Object(Closure))
#39 C:\\xampp\\htdocs\\elastic-search-first\\vendor\\laravel\\framework\\src\\Illuminate\\Foundation\\Http\\Middleware\\PreventRequestsDuringMaintenance.php(86): Illuminate\\Pipeline\\Pipeline->Illuminate\\Pipeline\\{closure}(Object(Illuminate\\Http\\Request))
#40 C:\\xampp\\htdocs\\elastic-search-first\\vendor\\laravel\\framework\\src\\Illuminate\\Pipeline\\Pipeline.php(180): Illuminate\\Foundation\\Http\\Middleware\\PreventRequestsDuringMaintenance->handle(Object(Illuminate\\Http\\Request), Object(Closure))
#41 C:\\xampp\\htdocs\\elastic-search-first\\vendor\\laravel\\framework\\src\\Illuminate\\Http\\Middleware\\HandleCors.php(62): Illuminate\\Pipeline\\Pipeline->Illuminate\\Pipeline\\{closure}(Object(Illuminate\\Http\\Request))
#42 C:\\xampp\\htdocs\\elastic-search-first\\vendor\\laravel\\framework\\src\\Illuminate\\Pipeline\\Pipeline.php(180): Illuminate\\Http\\Middleware\\HandleCors->handle(Object(Illuminate\\Http\\Request), Object(Closure))
#43 C:\\xampp\\htdocs\\elastic-search-first\\vendor\\laravel\\framework\\src\\Illuminate\\Http\\Middleware\\TrustProxies.php(39): Illuminate\\Pipeline\\Pipeline->Illuminate\\Pipeline\\{closure}(Object(Illuminate\\Http\\Request))
#44 C:\\xampp\\htdocs\\elastic-search-first\\vendor\\laravel\\framework\\src\\Illuminate\\Pipeline\\Pipeline.php(180): Illuminate\\Http\\Middleware\\TrustProxies->handle(Object(Illuminate\\Http\\Request), Object(Closure))
#45 C:\\xampp\\htdocs\\elastic-search-first\\vendor\\laravel\\framework\\src\\Illuminate\\Pipeline\\Pipeline.php(116): Illuminate\\Pipeline\\Pipeline->Illuminate\\Pipeline\\{closure}(Object(Illuminate\\Http\\Request))
#46 C:\\xampp\\htdocs\\elastic-search-first\\vendor\\laravel\\framework\\src\\Illuminate\\Foundation\\Http\\Kernel.php(165): Illuminate\\Pipeline\\Pipeline->then(Object(Closure))
#47 C:\\xampp\\htdocs\\elastic-search-first\\vendor\\laravel\\framework\\src\\Illuminate\\Foundation\\Http\\Kernel.php(134): Illuminate\\Foundation\\Http\\Kernel->sendRequestThroughRouter(Object(Illuminate\\Http\\Request))
#48 C:\\xampp\\htdocs\\elastic-search-first\\public\\index.php(52): Illuminate\\Foundation\\Http\\Kernel->handle(Object(Illuminate\\Http\\Request))
#49 C:\\xampp\\htdocs\\elastic-search-first\\vendor\\laravel\\framework\\src\\Illuminate\\Foundation\\resources\\server.php(16): require_once('C:\\\\xampp\\\\htdocs...')
#50 {main}
"} 
[2023-02-22 09:10:43] local.ERROR: No alive nodes found in your cluster {"exception":"[object] (Elasticsearch\\Common\\Exceptions\\NoNodesAvailableException(code: 0): No alive nodes found in your cluster at C:\\xampp\\htdocs\\elastic-search-first\\vendor\\elasticsearch\\elasticsearch\\src\\Elasticsearch\\ConnectionPool\\StaticNoPingConnectionPool.php:64)
[stacktrace]
#0 C:\\xampp\\htdocs\\elastic-search-first\\vendor\\elasticsearch\\elasticsearch\\src\\Elasticsearch\\Transport.php(82): Elasticsearch\\ConnectionPool\\StaticNoPingConnectionPool->nextConnection()
#1 C:\\xampp\\htdocs\\elastic-search-first\\vendor\\elasticsearch\\elasticsearch\\src\\Elasticsearch\\Transport.php(99): Elasticsearch\\Transport->getConnection()
#2 C:\\xampp\\htdocs\\elastic-search-first\\vendor\\elasticsearch\\elasticsearch\\src\\Elasticsearch\\Connections\\Connection.php(297): Elasticsearch\\Transport->performRequest('POST', '/my_index/my_ty...', Array, '{\"testField\":\"a...', Array)
#3 C:\\xampp\\htdocs\\elastic-search-first\\vendor\\react\\promise\\src\\FulfilledPromise.php(28): Elasticsearch\\Connections\\Connection->Elasticsearch\\Connections\\{closure}(Array)
#4 C:\\xampp\\htdocs\\elastic-search-first\\vendor\\ezimuel\\ringphp\\src\\Future\\CompletedFutureValue.php(65): React\\Promise\\FulfilledPromise->then(Object(Closure), NULL, NULL)
#5 C:\\xampp\\htdocs\\elastic-search-first\\vendor\\ezimuel\\ringphp\\src\\Core.php(341): GuzzleHttp\\Ring\\Future\\CompletedFutureValue->then(Object(Closure), NULL, NULL)
#6 C:\\xampp\\htdocs\\elastic-search-first\\vendor\\elasticsearch\\elasticsearch\\src\\Elasticsearch\\Connections\\Connection.php(345): GuzzleHttp\\Ring\\Core::proxy(Object(GuzzleHttp\\Ring\\Future\\CompletedFutureArray), Object(Closure))
#7 C:\\xampp\\htdocs\\elastic-search-first\\vendor\\elasticsearch\\elasticsearch\\src\\Elasticsearch\\Connections\\Connection.php(241): Elasticsearch\\Connections\\Connection->Elasticsearch\\Connections\\{closure}(Array, Object(Elasticsearch\\Connections\\Connection), Object(Elasticsearch\\Transport), Array)
#8 C:\\xampp\\htdocs\\elastic-search-first\\vendor\\elasticsearch\\elasticsearch\\src\\Elasticsearch\\Transport.php(110): Elasticsearch\\Connections\\Connection->performRequest('POST', '/my_index/my_ty...', Array, '{\"testField\":\"a...', Array, Object(Elasticsearch\\Transport))
#9 C:\\xampp\\htdocs\\elastic-search-first\\vendor\\elasticsearch\\elasticsearch\\src\\Elasticsearch\\Client.php(1929): Elasticsearch\\Transport->performRequest('POST', '/my_index/my_ty...', Array, Array, Array)
#10 C:\\xampp\\htdocs\\elastic-search-first\\vendor\\elasticsearch\\elasticsearch\\src\\Elasticsearch\\Client.php(911): Elasticsearch\\Client->performRequest(Object(Elasticsearch\\Endpoints\\Index))
#11 [internal function]: Elasticsearch\\Client->index(Array)
#12 C:\\xampp\\htdocs\\elastic-search-first\\vendor\\cviebrock\\laravel-elasticsearch\\src\\Manager.php(140): call_user_func_array(Array, Array)
#13 C:\\xampp\\htdocs\\elastic-search-first\\vendor\\laravel\\framework\\src\\Illuminate\\Support\\Facades\\Facade.php(338): Cviebrock\\LaravelElasticsearch\\Manager->__call('index', Array)
#14 C:\\xampp\\htdocs\\elastic-search-first\\app\\Http\\Controllers\\Homecontroller.php(23): Illuminate\\Support\\Facades\\Facade::__callStatic('index', Array)
#15 C:\\xampp\\htdocs\\elastic-search-first\\vendor\\laravel\\framework\\src\\Illuminate\\Routing\\Controller.php(54): App\\Http\\Controllers\\Homecontroller->index()
#16 C:\\xampp\\htdocs\\elastic-search-first\\vendor\\laravel\\framework\\src\\Illuminate\\Routing\\ControllerDispatcher.php(43): Illuminate\\Routing\\Controller->callAction('index', Array)
#17 C:\\xampp\\htdocs\\elastic-search-first\\vendor\\laravel\\framework\\src\\Illuminate\\Routing\\Route.php(260): Illuminate\\Routing\\ControllerDispatcher->dispatch(Object(Illuminate\\Routing\\Route), Object(App\\Http\\Controllers\\Homecontroller), 'index')
#18 C:\\xampp\\htdocs\\elastic-search-first\\vendor\\laravel\\framework\\src\\Illuminate\\Routing\\Route.php(205): Illuminate\\Routing\\Route->runController()
#19 C:\\xampp\\htdocs\\elastic-search-first\\vendor\\laravel\\framework\\src\\Illuminate\\Routing\\Router.php(798): Illuminate\\Routing\\Route->run()
#20 C:\\xampp\\htdocs\\elastic-search-first\\vendor\\laravel\\framework\\src\\Illuminate\\Pipeline\\Pipeline.php(141): Illuminate\\Routing\\Router->Illuminate\\Routing\\{closure}(Object(Illuminate\\Http\\Request))
#21 C:\\xampp\\htdocs\\elastic-search-first\\vendor\\laravel\\framework\\src\\Illuminate\\Routing\\Middleware\\SubstituteBindings.php(50): Illuminate\\Pipeline\\Pipeline->Illuminate\\Pipeline\\{closure}(Object(Illuminate\\Http\\Request))
#22 C:\\xampp\\htdocs\\elastic-search-first\\vendor\\laravel\\framework\\src\\Illuminate\\Pipeline\\Pipeline.php(180): Illuminate\\Routing\\Middleware\\SubstituteBindings->handle(Object(Illuminate\\Http\\Request), Object(Closure))
#23 C:\\xampp\\htdocs\\elastic-search-first\\vendor\\laravel\\framework\\src\\Illuminate\\Routing\\Middleware\\ThrottleRequests.php(126): Illuminate\\Pipeline\\Pipeline->Illuminate\\Pipeline\\{closure}(Object(Illuminate\\Http\\Request))
#24 C:\\xampp\\htdocs\\elastic-search-first\\vendor\\laravel\\framework\\src\\Illuminate\\Routing\\Middleware\\ThrottleRequests.php(102): Illuminate\\Routing\\Middleware\\ThrottleRequests->handleRequest(Object(Illuminate\\Http\\Request), Object(Closure), Array)
#25 C:\\xampp\\htdocs\\elastic-search-first\\vendor\\laravel\\framework\\src\\Illuminate\\Routing\\Middleware\\ThrottleRequests.php(54): Illuminate\\Routing\\Middleware\\ThrottleRequests->handleRequestUsingNamedLimiter(Object(Illuminate\\Http\\Request), Object(Closure), 'api', Object(Closure))
#26 C:\\xampp\\htdocs\\elastic-search-first\\vendor\\laravel\\framework\\src\\Illuminate\\Pipeline\\Pipeline.php(180): Illuminate\\Routing\\Middleware\\ThrottleRequests->handle(Object(Illuminate\\Http\\Request), Object(Closure), 'api')
#27 C:\\xampp\\htdocs\\elastic-search-first\\vendor\\laravel\\framework\\src\\Illuminate\\Pipeline\\Pipeline.php(116): Illuminate\\Pipeline\\Pipeline->Illuminate\\Pipeline\\{closure}(Object(Illuminate\\Http\\Request))
#28 C:\\xampp\\htdocs\\elastic-search-first\\vendor\\laravel\\framework\\src\\Illuminate\\Routing\\Router.php(799): Illuminate\\Pipeline\\Pipeline->then(Object(Closure))
#29 C:\\xampp\\htdocs\\elastic-search-first\\vendor\\laravel\\framework\\src\\Illuminate\\Routing\\Router.php(776): Illuminate\\Routing\\Router->runRouteWithinStack(Object(Illuminate\\Routing\\Route), Object(Illuminate\\Http\\Request))
#30 C:\\xampp\\htdocs\\elastic-search-first\\vendor\\laravel\\framework\\src\\Illuminate\\Routing\\Router.php(740): Illuminate\\Routing\\Router->runRoute(Object(Illuminate\\Http\\Request), Object(Illuminate\\Routing\\Route))
#31 C:\\xampp\\htdocs\\elastic-search-first\\vendor\\laravel\\framework\\src\\Illuminate\\Routing\\Router.php(729): Illuminate\\Routing\\Router->dispatchToRoute(Object(Illuminate\\Http\\Request))
#32 C:\\xampp\\htdocs\\elastic-search-first\\vendor\\laravel\\framework\\src\\Illuminate\\Foundation\\Http\\Kernel.php(190): Illuminate\\Routing\\Router->dispatch(Object(Illuminate\\Http\\Request))
#33 C:\\xampp\\htdocs\\elastic-search-first\\vendor\\laravel\\framework\\src\\Illuminate\\Pipeline\\Pipeline.php(141): Illuminate\\Foundation\\Http\\Kernel->Illuminate\\Foundation\\Http\\{closure}(Object(Illuminate\\Http\\Request))
#34 C:\\xampp\\htdocs\\elastic-search-first\\vendor\\laravel\\framework\\src\\Illuminate\\Foundation\\Http\\Middleware\\TransformsRequest.php(21): Illuminate\\Pipeline\\Pipeline->Illuminate\\Pipeline\\{closure}(Object(Illuminate\\Http\\Request))
#35 C:\\xampp\\htdocs\\elastic-search-first\\vendor\\laravel\\framework\\src\\Illuminate\\Foundation\\Http\\Middleware\\ConvertEmptyStringsToNull.php(31): Illuminate\\Foundation\\Http\\Middleware\\TransformsRequest->handle(Object(Illuminate\\Http\\Request), Object(Closure))
#36 C:\\xampp\\htdocs\\elastic-search-first\\vendor\\laravel\\framework\\src\\Illuminate\\Pipeline\\Pipeline.php(180): Illuminate\\Foundation\\Http\\Middleware\\ConvertEmptyStringsToNull->handle(Object(Illuminate\\Http\\Request), Object(Closure))
#37 C:\\xampp\\htdocs\\elastic-search-first\\vendor\\laravel\\framework\\src\\Illuminate\\Foundation\\Http\\Middleware\\TransformsRequest.php(21): Illuminate\\Pipeline\\Pipeline->Illuminate\\Pipeline\\{closure}(Object(Illuminate\\Http\\Request))
#38 C:\\xampp\\htdocs\\elastic-search-first\\vendor\\laravel\\framework\\src\\Illuminate\\Foundation\\Http\\Middleware\\TrimStrings.php(40): Illuminate\\Foundation\\Http\\Middleware\\TransformsRequest->handle(Object(Illuminate\\Http\\Request), Object(Closure))
#39 C:\\xampp\\htdocs\\elastic-search-first\\vendor\\laravel\\framework\\src\\Illuminate\\Pipeline\\Pipeline.php(180): Illuminate\\Foundation\\Http\\Middleware\\TrimStrings->handle(Object(Illuminate\\Http\\Request), Object(Closure))
#40 C:\\xampp\\htdocs\\elastic-search-first\\vendor\\laravel\\framework\\src\\Illuminate\\Foundation\\Http\\Middleware\\ValidatePostSize.php(27): Illuminate\\Pipeline\\Pipeline->Illuminate\\Pipeline\\{closure}(Object(Illuminate\\Http\\Request))
#41 C:\\xampp\\htdocs\\elastic-search-first\\vendor\\laravel\\framework\\src\\Illuminate\\Pipeline\\Pipeline.php(180): Illuminate\\Foundation\\Http\\Middleware\\ValidatePostSize->handle(Object(Illuminate\\Http\\Request), Object(Closure))
#42 C:\\xampp\\htdocs\\elastic-search-first\\vendor\\laravel\\framework\\src\\Illuminate\\Foundation\\Http\\Middleware\\PreventRequestsDuringMaintenance.php(86): Illuminate\\Pipeline\\Pipeline->Illuminate\\Pipeline\\{closure}(Object(Illuminate\\Http\\Request))
#43 C:\\xampp\\htdocs\\elastic-search-first\\vendor\\laravel\\framework\\src\\Illuminate\\Pipeline\\Pipeline.php(180): Illuminate\\Foundation\\Http\\Middleware\\PreventRequestsDuringMaintenance->handle(Object(Illuminate\\Http\\Request), Object(Closure))
#44 C:\\xampp\\htdocs\\elastic-search-first\\vendor\\laravel\\framework\\src\\Illuminate\\Http\\Middleware\\HandleCors.php(62): Illuminate\\Pipeline\\Pipeline->Illuminate\\Pipeline\\{closure}(Object(Illuminate\\Http\\Request))
#45 C:\\xampp\\htdocs\\elastic-search-first\\vendor\\laravel\\framework\\src\\Illuminate\\Pipeline\\Pipeline.php(180): Illuminate\\Http\\Middleware\\HandleCors->handle(Object(Illuminate\\Http\\Request), Object(Closure))
#46 C:\\xampp\\htdocs\\elastic-search-first\\vendor\\laravel\\framework\\src\\Illuminate\\Http\\Middleware\\TrustProxies.php(39): Illuminate\\Pipeline\\Pipeline->Illuminate\\Pipeline\\{closure}(Object(Illuminate\\Http\\Request))
#47 C:\\xampp\\htdocs\\elastic-search-first\\vendor\\laravel\\framework\\src\\Illuminate\\Pipeline\\Pipeline.php(180): Illuminate\\Http\\Middleware\\TrustProxies->handle(Object(Illuminate\\Http\\Request), Object(Closure))
#48 C:\\xampp\\htdocs\\elastic-search-first\\vendor\\laravel\\framework\\src\\Illuminate\\Pipeline\\Pipeline.php(116): Illuminate\\Pipeline\\Pipeline->Illuminate\\Pipeline\\{closure}(Object(Illuminate\\Http\\Request))
#49 C:\\xampp\\htdocs\\elastic-search-first\\vendor\\laravel\\framework\\src\\Illuminate\\Foundation\\Http\\Kernel.php(165): Illuminate\\Pipeline\\Pipeline->then(Object(Closure))
#50 C:\\xampp\\htdocs\\elastic-search-first\\vendor\\laravel\\framework\\src\\Illuminate\\Foundation\\Http\\Kernel.php(134): Illuminate\\Foundation\\Http\\Kernel->sendRequestThroughRouter(Object(Illuminate\\Http\\Request))
#51 C:\\xampp\\htdocs\\elastic-search-first\\public\\index.php(52): Illuminate\\Foundation\\Http\\Kernel->handle(Object(Illuminate\\Http\\Request))
#52 C:\\xampp\\htdocs\\elastic-search-first\\vendor\\laravel\\framework\\src\\Illuminate\\Foundation\\resources\\server.php(16): require_once('C:\\\\xampp\\\\htdocs...')
#53 {main}
"} 
[2023-02-22 10:18:00] local.ERROR: No alive nodes found in your cluster {"exception":"[object] (Elasticsearch\\Common\\Exceptions\\NoNodesAvailableException(code: 0): No alive nodes found in your cluster at C:\\xampp\\htdocs\\elastic-search-first\\vendor\\elasticsearch\\elasticsearch\\src\\Elasticsearch\\ConnectionPool\\StaticNoPingConnectionPool.php:64)
[stacktrace]
#0 C:\\xampp\\htdocs\\elastic-search-first\\vendor\\elasticsearch\\elasticsearch\\src\\Elasticsearch\\Transport.php(82): Elasticsearch\\ConnectionPool\\StaticNoPingConnectionPool->nextConnection()
#1 C:\\xampp\\htdocs\\elastic-search-first\\vendor\\elasticsearch\\elasticsearch\\src\\Elasticsearch\\Transport.php(99): Elasticsearch\\Transport->getConnection()
#2 C:\\xampp\\htdocs\\elastic-search-first\\vendor\\elasticsearch\\elasticsearch\\src\\Elasticsearch\\Connections\\Connection.php(297): Elasticsearch\\Transport->performRequest('PUT', '/posts', Array, '{\"settings\":{\"n...', Array)
#3 C:\\xampp\\htdocs\\elastic-search-first\\vendor\\react\\promise\\src\\FulfilledPromise.php(28): Elasticsearch\\Connections\\Connection->Elasticsearch\\Connections\\{closure}(Array)
#4 C:\\xampp\\htdocs\\elastic-search-first\\vendor\\ezimuel\\ringphp\\src\\Future\\CompletedFutureValue.php(65): React\\Promise\\FulfilledPromise->then(Object(Closure), NULL, NULL)
#5 C:\\xampp\\htdocs\\elastic-search-first\\vendor\\ezimuel\\ringphp\\src\\Core.php(341): GuzzleHttp\\Ring\\Future\\CompletedFutureValue->then(Object(Closure), NULL, NULL)
#6 C:\\xampp\\htdocs\\elastic-search-first\\vendor\\elasticsearch\\elasticsearch\\src\\Elasticsearch\\Connections\\Connection.php(345): GuzzleHttp\\Ring\\Core::proxy(Object(GuzzleHttp\\Ring\\Future\\CompletedFutureArray), Object(Closure))
#7 C:\\xampp\\htdocs\\elastic-search-first\\vendor\\elasticsearch\\elasticsearch\\src\\Elasticsearch\\Connections\\Connection.php(241): Elasticsearch\\Connections\\Connection->Elasticsearch\\Connections\\{closure}(Array, Object(Elasticsearch\\Connections\\Connection), Object(Elasticsearch\\Transport), Array)
#8 C:\\xampp\\htdocs\\elastic-search-first\\vendor\\elasticsearch\\elasticsearch\\src\\Elasticsearch\\Transport.php(110): Elasticsearch\\Connections\\Connection->performRequest('PUT', '/posts', Array, '{\"settings\":{\"n...', Array, Object(Elasticsearch\\Transport))
#9 C:\\xampp\\htdocs\\elastic-search-first\\vendor\\elasticsearch\\elasticsearch\\src\\Elasticsearch\\Namespaces\\AbstractNamespace.php(63): Elasticsearch\\Transport->performRequest('PUT', '/posts', Array, Array, Array)
#10 C:\\xampp\\htdocs\\elastic-search-first\\vendor\\elasticsearch\\elasticsearch\\src\\Elasticsearch\\Namespaces\\IndicesNamespace.php(188): Elasticsearch\\Namespaces\\AbstractNamespace->performRequest(Object(Elasticsearch\\Endpoints\\Indices\\Create))
#11 C:\\xampp\\htdocs\\elastic-search-first\\vendor\\matchory\\elasticsearch\\src\\Index.php(269): Elasticsearch\\Namespaces\\IndicesNamespace->create(Array)
#12 C:\\xampp\\htdocs\\elastic-search-first\\vendor\\matchory\\elasticsearch\\src\\Concerns\\ManagesIndices.php(26): Matchory\\Elasticsearch\\Index->create()
#13 C:\\xampp\\htdocs\\elastic-search-first\\vendor\\matchory\\elasticsearch\\src\\Concerns\\ManagesIndices.php(46): Matchory\\Elasticsearch\\Query->createIndex('posts', NULL)
#14 C:\\xampp\\htdocs\\elastic-search-first\\app\\Http\\Controllers\\Homecontroller.php(25): Matchory\\Elasticsearch\\Query->create()
#15 C:\\xampp\\htdocs\\elastic-search-first\\vendor\\laravel\\framework\\src\\Illuminate\\Routing\\Controller.php(54): App\\Http\\Controllers\\Homecontroller->index()
#16 C:\\xampp\\htdocs\\elastic-search-first\\vendor\\laravel\\framework\\src\\Illuminate\\Routing\\ControllerDispatcher.php(43): Illuminate\\Routing\\Controller->callAction('index', Array)
#17 C:\\xampp\\htdocs\\elastic-search-first\\vendor\\laravel\\framework\\src\\Illuminate\\Routing\\Route.php(260): Illuminate\\Routing\\ControllerDispatcher->dispatch(Object(Illuminate\\Routing\\Route), Object(App\\Http\\Controllers\\Homecontroller), 'index')
#18 C:\\xampp\\htdocs\\elastic-search-first\\vendor\\laravel\\framework\\src\\Illuminate\\Routing\\Route.php(205): Illuminate\\Routing\\Route->runController()
#19 C:\\xampp\\htdocs\\elastic-search-first\\vendor\\laravel\\framework\\src\\Illuminate\\Routing\\Router.php(798): Illuminate\\Routing\\Route->run()
#20 C:\\xampp\\htdocs\\elastic-search-first\\vendor\\laravel\\framework\\src\\Illuminate\\Pipeline\\Pipeline.php(141): Illuminate\\Routing\\Router->Illuminate\\Routing\\{closure}(Object(Illuminate\\Http\\Request))
#21 C:\\xampp\\htdocs\\elastic-search-first\\vendor\\laravel\\framework\\src\\Illuminate\\Routing\\Middleware\\SubstituteBindings.php(50): Illuminate\\Pipeline\\Pipeline->Illuminate\\Pipeline\\{closure}(Object(Illuminate\\Http\\Request))
#22 C:\\xampp\\htdocs\\elastic-search-first\\vendor\\laravel\\framework\\src\\Illuminate\\Pipeline\\Pipeline.php(180): Illuminate\\Routing\\Middleware\\SubstituteBindings->handle(Object(Illuminate\\Http\\Request), Object(Closure))
#23 C:\\xampp\\htdocs\\elastic-search-first\\vendor\\laravel\\framework\\src\\Illuminate\\Routing\\Middleware\\ThrottleRequests.php(126): Illuminate\\Pipeline\\Pipeline->Illuminate\\Pipeline\\{closure}(Object(Illuminate\\Http\\Request))
#24 C:\\xampp\\htdocs\\elastic-search-first\\vendor\\laravel\\framework\\src\\Illuminate\\Routing\\Middleware\\ThrottleRequests.php(102): Illuminate\\Routing\\Middleware\\ThrottleRequests->handleRequest(Object(Illuminate\\Http\\Request), Object(Closure), Array)
#25 C:\\xampp\\htdocs\\elastic-search-first\\vendor\\laravel\\framework\\src\\Illuminate\\Routing\\Middleware\\ThrottleRequests.php(54): Illuminate\\Routing\\Middleware\\ThrottleRequests->handleRequestUsingNamedLimiter(Object(Illuminate\\Http\\Request), Object(Closure), 'api', Object(Closure))
#26 C:\\xampp\\htdocs\\elastic-search-first\\vendor\\laravel\\framework\\src\\Illuminate\\Pipeline\\Pipeline.php(180): Illuminate\\Routing\\Middleware\\ThrottleRequests->handle(Object(Illuminate\\Http\\Request), Object(Closure), 'api')
#27 C:\\xampp\\htdocs\\elastic-search-first\\vendor\\laravel\\framework\\src\\Illuminate\\Pipeline\\Pipeline.php(116): Illuminate\\Pipeline\\Pipeline->Illuminate\\Pipeline\\{closure}(Object(Illuminate\\Http\\Request))
#28 C:\\xampp\\htdocs\\elastic-search-first\\vendor\\laravel\\framework\\src\\Illuminate\\Routing\\Router.php(799): Illuminate\\Pipeline\\Pipeline->then(Object(Closure))
#29 C:\\xampp\\htdocs\\elastic-search-first\\vendor\\laravel\\framework\\src\\Illuminate\\Routing\\Router.php(776): Illuminate\\Routing\\Router->runRouteWithinStack(Object(Illuminate\\Routing\\Route), Object(Illuminate\\Http\\Request))
#30 C:\\xampp\\htdocs\\elastic-search-first\\vendor\\laravel\\framework\\src\\Illuminate\\Routing\\Router.php(740): Illuminate\\Routing\\Router->runRoute(Object(Illuminate\\Http\\Request), Object(Illuminate\\Routing\\Route))
#31 C:\\xampp\\htdocs\\elastic-search-first\\vendor\\laravel\\framework\\src\\Illuminate\\Routing\\Router.php(729): Illuminate\\Routing\\Router->dispatchToRoute(Object(Illuminate\\Http\\Request))
#32 C:\\xampp\\htdocs\\elastic-search-first\\vendor\\laravel\\framework\\src\\Illuminate\\Foundation\\Http\\Kernel.php(190): Illuminate\\Routing\\Router->dispatch(Object(Illuminate\\Http\\Request))
#33 C:\\xampp\\htdocs\\elastic-search-first\\vendor\\laravel\\framework\\src\\Illuminate\\Pipeline\\Pipeline.php(141): Illuminate\\Foundation\\Http\\Kernel->Illuminate\\Foundation\\Http\\{closure}(Object(Illuminate\\Http\\Request))
#34 C:\\xampp\\htdocs\\elastic-search-first\\vendor\\laravel\\framework\\src\\Illuminate\\Foundation\\Http\\Middleware\\TransformsRequest.php(21): Illuminate\\Pipeline\\Pipeline->Illuminate\\Pipeline\\{closure}(Object(Illuminate\\Http\\Request))
#35 C:\\xampp\\htdocs\\elastic-search-first\\vendor\\laravel\\framework\\src\\Illuminate\\Foundation\\Http\\Middleware\\ConvertEmptyStringsToNull.php(31): Illuminate\\Foundation\\Http\\Middleware\\TransformsRequest->handle(Object(Illuminate\\Http\\Request), Object(Closure))
#36 C:\\xampp\\htdocs\\elastic-search-first\\vendor\\laravel\\framework\\src\\Illuminate\\Pipeline\\Pipeline.php(180): Illuminate\\Foundation\\Http\\Middleware\\ConvertEmptyStringsToNull->handle(Object(Illuminate\\Http\\Request), Object(Closure))
#37 C:\\xampp\\htdocs\\elastic-search-first\\vendor\\laravel\\framework\\src\\Illuminate\\Foundation\\Http\\Middleware\\TransformsRequest.php(21): Illuminate\\Pipeline\\Pipeline->Illuminate\\Pipeline\\{closure}(Object(Illuminate\\Http\\Request))
#38 C:\\xampp\\htdocs\\elastic-search-first\\vendor\\laravel\\framework\\src\\Illuminate\\Foundation\\Http\\Middleware\\TrimStrings.php(40): Illuminate\\Foundation\\Http\\Middleware\\TransformsRequest->handle(Object(Illuminate\\Http\\Request), Object(Closure))
#39 C:\\xampp\\htdocs\\elastic-search-first\\vendor\\laravel\\framework\\src\\Illuminate\\Pipeline\\Pipeline.php(180): Illuminate\\Foundation\\Http\\Middleware\\TrimStrings->handle(Object(Illuminate\\Http\\Request), Object(Closure))
#40 C:\\xampp\\htdocs\\elastic-search-first\\vendor\\laravel\\framework\\src\\Illuminate\\Foundation\\Http\\Middleware\\ValidatePostSize.php(27): Illuminate\\Pipeline\\Pipeline->Illuminate\\Pipeline\\{closure}(Object(Illuminate\\Http\\Request))
#41 C:\\xampp\\htdocs\\elastic-search-first\\vendor\\laravel\\framework\\src\\Illuminate\\Pipeline\\Pipeline.php(180): Illuminate\\Foundation\\Http\\Middleware\\ValidatePostSize->handle(Object(Illuminate\\Http\\Request), Object(Closure))
#42 C:\\xampp\\htdocs\\elastic-search-first\\vendor\\laravel\\framework\\src\\Illuminate\\Foundation\\Http\\Middleware\\PreventRequestsDuringMaintenance.php(86): Illuminate\\Pipeline\\Pipeline->Illuminate\\Pipeline\\{closure}(Object(Illuminate\\Http\\Request))
#43 C:\\xampp\\htdocs\\elastic-search-first\\vendor\\laravel\\framework\\src\\Illuminate\\Pipeline\\Pipeline.php(180): Illuminate\\Foundation\\Http\\Middleware\\PreventRequestsDuringMaintenance->handle(Object(Illuminate\\Http\\Request), Object(Closure))
#44 C:\\xampp\\htdocs\\elastic-search-first\\vendor\\laravel\\framework\\src\\Illuminate\\Http\\Middleware\\HandleCors.php(62): Illuminate\\Pipeline\\Pipeline->Illuminate\\Pipeline\\{closure}(Object(Illuminate\\Http\\Request))
#45 C:\\xampp\\htdocs\\elastic-search-first\\vendor\\laravel\\framework\\src\\Illuminate\\Pipeline\\Pipeline.php(180): Illuminate\\Http\\Middleware\\HandleCors->handle(Object(Illuminate\\Http\\Request), Object(Closure))
#46 C:\\xampp\\htdocs\\elastic-search-first\\vendor\\laravel\\framework\\src\\Illuminate\\Http\\Middleware\\TrustProxies.php(39): Illuminate\\Pipeline\\Pipeline->Illuminate\\Pipeline\\{closure}(Object(Illuminate\\Http\\Request))
#47 C:\\xampp\\htdocs\\elastic-search-first\\vendor\\laravel\\framework\\src\\Illuminate\\Pipeline\\Pipeline.php(180): Illuminate\\Http\\Middleware\\TrustProxies->handle(Object(Illuminate\\Http\\Request), Object(Closure))
#48 C:\\xampp\\htdocs\\elastic-search-first\\vendor\\laravel\\framework\\src\\Illuminate\\Pipeline\\Pipeline.php(116): Illuminate\\Pipeline\\Pipeline->Illuminate\\Pipeline\\{closure}(Object(Illuminate\\Http\\Request))
#49 C:\\xampp\\htdocs\\elastic-search-first\\vendor\\laravel\\framework\\src\\Illuminate\\Foundation\\Http\\Kernel.php(165): Illuminate\\Pipeline\\Pipeline->then(Object(Closure))
#50 C:\\xampp\\htdocs\\elastic-search-first\\vendor\\laravel\\framework\\src\\Illuminate\\Foundation\\Http\\Kernel.php(134): Illuminate\\Foundation\\Http\\Kernel->sendRequestThroughRouter(Object(Illuminate\\Http\\Request))
#51 C:\\xampp\\htdocs\\elastic-search-first\\public\\index.php(52): Illuminate\\Foundation\\Http\\Kernel->handle(Object(Illuminate\\Http\\Request))
#52 C:\\xampp\\htdocs\\elastic-search-first\\vendor\\laravel\\framework\\src\\Illuminate\\Foundation\\resources\\server.php(16): require_once('C:\\\\xampp\\\\htdocs...')
#53 {main}
"} 
[2023-02-22 10:18:58] local.ERROR: No alive nodes found in your cluster {"exception":"[object] (Elasticsearch\\Common\\Exceptions\\NoNodesAvailableException(code: 0): No alive nodes found in your cluster at C:\\xampp\\htdocs\\elastic-search-first\\vendor\\elasticsearch\\elasticsearch\\src\\Elasticsearch\\ConnectionPool\\StaticNoPingConnectionPool.php:64)
[stacktrace]
#0 C:\\xampp\\htdocs\\elastic-search-first\\vendor\\elasticsearch\\elasticsearch\\src\\Elasticsearch\\Transport.php(82): Elasticsearch\\ConnectionPool\\StaticNoPingConnectionPool->nextConnection()
#1 C:\\xampp\\htdocs\\elastic-search-first\\vendor\\elasticsearch\\elasticsearch\\src\\Elasticsearch\\Transport.php(99): Elasticsearch\\Transport->getConnection()
#2 C:\\xampp\\htdocs\\elastic-search-first\\vendor\\elasticsearch\\elasticsearch\\src\\Elasticsearch\\Connections\\Connection.php(297): Elasticsearch\\Transport->performRequest('PUT', '/posts', Array, '{\"settings\":{\"n...', Array)
#3 C:\\xampp\\htdocs\\elastic-search-first\\vendor\\react\\promise\\src\\FulfilledPromise.php(28): Elasticsearch\\Connections\\Connection->Elasticsearch\\Connections\\{closure}(Array)
#4 C:\\xampp\\htdocs\\elastic-search-first\\vendor\\ezimuel\\ringphp\\src\\Future\\CompletedFutureValue.php(65): React\\Promise\\FulfilledPromise->then(Object(Closure), NULL, NULL)
#5 C:\\xampp\\htdocs\\elastic-search-first\\vendor\\ezimuel\\ringphp\\src\\Core.php(341): GuzzleHttp\\Ring\\Future\\CompletedFutureValue->then(Object(Closure), NULL, NULL)
#6 C:\\xampp\\htdocs\\elastic-search-first\\vendor\\elasticsearch\\elasticsearch\\src\\Elasticsearch\\Connections\\Connection.php(345): GuzzleHttp\\Ring\\Core::proxy(Object(GuzzleHttp\\Ring\\Future\\CompletedFutureArray), Object(Closure))
#7 C:\\xampp\\htdocs\\elastic-search-first\\vendor\\elasticsearch\\elasticsearch\\src\\Elasticsearch\\Connections\\Connection.php(241): Elasticsearch\\Connections\\Connection->Elasticsearch\\Connections\\{closure}(Array, Object(Elasticsearch\\Connections\\Connection), Object(Elasticsearch\\Transport), Array)
#8 C:\\xampp\\htdocs\\elastic-search-first\\vendor\\elasticsearch\\elasticsearch\\src\\Elasticsearch\\Transport.php(110): Elasticsearch\\Connections\\Connection->performRequest('PUT', '/posts', Array, '{\"settings\":{\"n...', Array, Object(Elasticsearch\\Transport))
#9 C:\\xampp\\htdocs\\elastic-search-first\\vendor\\elasticsearch\\elasticsearch\\src\\Elasticsearch\\Namespaces\\AbstractNamespace.php(63): Elasticsearch\\Transport->performRequest('PUT', '/posts', Array, Array, Array)
#10 C:\\xampp\\htdocs\\elastic-search-first\\vendor\\elasticsearch\\elasticsearch\\src\\Elasticsearch\\Namespaces\\IndicesNamespace.php(188): Elasticsearch\\Namespaces\\AbstractNamespace->performRequest(Object(Elasticsearch\\Endpoints\\Indices\\Create))
#11 C:\\xampp\\htdocs\\elastic-search-first\\vendor\\matchory\\elasticsearch\\src\\Index.php(269): Elasticsearch\\Namespaces\\IndicesNamespace->create(Array)
#12 C:\\xampp\\htdocs\\elastic-search-first\\vendor\\matchory\\elasticsearch\\src\\Concerns\\ManagesIndices.php(26): Matchory\\Elasticsearch\\Index->create()
#13 C:\\xampp\\htdocs\\elastic-search-first\\vendor\\matchory\\elasticsearch\\src\\Concerns\\ManagesIndices.php(46): Matchory\\Elasticsearch\\Query->createIndex('posts', NULL)
#14 C:\\xampp\\htdocs\\elastic-search-first\\app\\Http\\Controllers\\Homecontroller.php(25): Matchory\\Elasticsearch\\Query->create()
#15 C:\\xampp\\htdocs\\elastic-search-first\\vendor\\laravel\\framework\\src\\Illuminate\\Routing\\Controller.php(54): App\\Http\\Controllers\\Homecontroller->index()
#16 C:\\xampp\\htdocs\\elastic-search-first\\vendor\\laravel\\framework\\src\\Illuminate\\Routing\\ControllerDispatcher.php(43): Illuminate\\Routing\\Controller->callAction('index', Array)
#17 C:\\xampp\\htdocs\\elastic-search-first\\vendor\\laravel\\framework\\src\\Illuminate\\Routing\\Route.php(260): Illuminate\\Routing\\ControllerDispatcher->dispatch(Object(Illuminate\\Routing\\Route), Object(App\\Http\\Controllers\\Homecontroller), 'index')
#18 C:\\xampp\\htdocs\\elastic-search-first\\vendor\\laravel\\framework\\src\\Illuminate\\Routing\\Route.php(205): Illuminate\\Routing\\Route->runController()
#19 C:\\xampp\\htdocs\\elastic-search-first\\vendor\\laravel\\framework\\src\\Illuminate\\Routing\\Router.php(798): Illuminate\\Routing\\Route->run()
#20 C:\\xampp\\htdocs\\elastic-search-first\\vendor\\laravel\\framework\\src\\Illuminate\\Pipeline\\Pipeline.php(141): Illuminate\\Routing\\Router->Illuminate\\Routing\\{closure}(Object(Illuminate\\Http\\Request))
#21 C:\\xampp\\htdocs\\elastic-search-first\\vendor\\laravel\\framework\\src\\Illuminate\\Routing\\Middleware\\SubstituteBindings.php(50): Illuminate\\Pipeline\\Pipeline->Illuminate\\Pipeline\\{closure}(Object(Illuminate\\Http\\Request))
#22 C:\\xampp\\htdocs\\elastic-search-first\\vendor\\laravel\\framework\\src\\Illuminate\\Pipeline\\Pipeline.php(180): Illuminate\\Routing\\Middleware\\SubstituteBindings->handle(Object(Illuminate\\Http\\Request), Object(Closure))
#23 C:\\xampp\\htdocs\\elastic-search-first\\vendor\\laravel\\framework\\src\\Illuminate\\Routing\\Middleware\\ThrottleRequests.php(126): Illuminate\\Pipeline\\Pipeline->Illuminate\\Pipeline\\{closure}(Object(Illuminate\\Http\\Request))
#24 C:\\xampp\\htdocs\\elastic-search-first\\vendor\\laravel\\framework\\src\\Illuminate\\Routing\\Middleware\\ThrottleRequests.php(102): Illuminate\\Routing\\Middleware\\ThrottleRequests->handleRequest(Object(Illuminate\\Http\\Request), Object(Closure), Array)
#25 C:\\xampp\\htdocs\\elastic-search-first\\vendor\\laravel\\framework\\src\\Illuminate\\Routing\\Middleware\\ThrottleRequests.php(54): Illuminate\\Routing\\Middleware\\ThrottleRequests->handleRequestUsingNamedLimiter(Object(Illuminate\\Http\\Request), Object(Closure), 'api', Object(Closure))
#26 C:\\xampp\\htdocs\\elastic-search-first\\vendor\\laravel\\framework\\src\\Illuminate\\Pipeline\\Pipeline.php(180): Illuminate\\Routing\\Middleware\\ThrottleRequests->handle(Object(Illuminate\\Http\\Request), Object(Closure), 'api')
#27 C:\\xampp\\htdocs\\elastic-search-first\\vendor\\laravel\\framework\\src\\Illuminate\\Pipeline\\Pipeline.php(116): Illuminate\\Pipeline\\Pipeline->Illuminate\\Pipeline\\{closure}(Object(Illuminate\\Http\\Request))
#28 C:\\xampp\\htdocs\\elastic-search-first\\vendor\\laravel\\framework\\src\\Illuminate\\Routing\\Router.php(799): Illuminate\\Pipeline\\Pipeline->then(Object(Closure))
#29 C:\\xampp\\htdocs\\elastic-search-first\\vendor\\laravel\\framework\\src\\Illuminate\\Routing\\Router.php(776): Illuminate\\Routing\\Router->runRouteWithinStack(Object(Illuminate\\Routing\\Route), Object(Illuminate\\Http\\Request))
#30 C:\\xampp\\htdocs\\elastic-search-first\\vendor\\laravel\\framework\\src\\Illuminate\\Routing\\Router.php(740): Illuminate\\Routing\\Router->runRoute(Object(Illuminate\\Http\\Request), Object(Illuminate\\Routing\\Route))
#31 C:\\xampp\\htdocs\\elastic-search-first\\vendor\\laravel\\framework\\src\\Illuminate\\Routing\\Router.php(729): Illuminate\\Routing\\Router->dispatchToRoute(Object(Illuminate\\Http\\Request))
#32 C:\\xampp\\htdocs\\elastic-search-first\\vendor\\laravel\\framework\\src\\Illuminate\\Foundation\\Http\\Kernel.php(190): Illuminate\\Routing\\Router->dispatch(Object(Illuminate\\Http\\Request))
#33 C:\\xampp\\htdocs\\elastic-search-first\\vendor\\laravel\\framework\\src\\Illuminate\\Pipeline\\Pipeline.php(141): Illuminate\\Foundation\\Http\\Kernel->Illuminate\\Foundation\\Http\\{closure}(Object(Illuminate\\Http\\Request))
#34 C:\\xampp\\htdocs\\elastic-search-first\\vendor\\laravel\\framework\\src\\Illuminate\\Foundation\\Http\\Middleware\\TransformsRequest.php(21): Illuminate\\Pipeline\\Pipeline->Illuminate\\Pipeline\\{closure}(Object(Illuminate\\Http\\Request))
#35 C:\\xampp\\htdocs\\elastic-search-first\\vendor\\laravel\\framework\\src\\Illuminate\\Foundation\\Http\\Middleware\\ConvertEmptyStringsToNull.php(31): Illuminate\\Foundation\\Http\\Middleware\\TransformsRequest->handle(Object(Illuminate\\Http\\Request), Object(Closure))
#36 C:\\xampp\\htdocs\\elastic-search-first\\vendor\\laravel\\framework\\src\\Illuminate\\Pipeline\\Pipeline.php(180): Illuminate\\Foundation\\Http\\Middleware\\ConvertEmptyStringsToNull->handle(Object(Illuminate\\Http\\Request), Object(Closure))
#37 C:\\xampp\\htdocs\\elastic-search-first\\vendor\\laravel\\framework\\src\\Illuminate\\Foundation\\Http\\Middleware\\TransformsRequest.php(21): Illuminate\\Pipeline\\Pipeline->Illuminate\\Pipeline\\{closure}(Object(Illuminate\\Http\\Request))
#38 C:\\xampp\\htdocs\\elastic-search-first\\vendor\\laravel\\framework\\src\\Illuminate\\Foundation\\Http\\Middleware\\TrimStrings.php(40): Illuminate\\Foundation\\Http\\Middleware\\TransformsRequest->handle(Object(Illuminate\\Http\\Request), Object(Closure))
#39 C:\\xampp\\htdocs\\elastic-search-first\\vendor\\laravel\\framework\\src\\Illuminate\\Pipeline\\Pipeline.php(180): Illuminate\\Foundation\\Http\\Middleware\\TrimStrings->handle(Object(Illuminate\\Http\\Request), Object(Closure))
#40 C:\\xampp\\htdocs\\elastic-search-first\\vendor\\laravel\\framework\\src\\Illuminate\\Foundation\\Http\\Middleware\\ValidatePostSize.php(27): Illuminate\\Pipeline\\Pipeline->Illuminate\\Pipeline\\{closure}(Object(Illuminate\\Http\\Request))
#41 C:\\xampp\\htdocs\\elastic-search-first\\vendor\\laravel\\framework\\src\\Illuminate\\Pipeline\\Pipeline.php(180): Illuminate\\Foundation\\Http\\Middleware\\ValidatePostSize->handle(Object(Illuminate\\Http\\Request), Object(Closure))
#42 C:\\xampp\\htdocs\\elastic-search-first\\vendor\\laravel\\framework\\src\\Illuminate\\Foundation\\Http\\Middleware\\PreventRequestsDuringMaintenance.php(86): Illuminate\\Pipeline\\Pipeline->Illuminate\\Pipeline\\{closure}(Object(Illuminate\\Http\\Request))
#43 C:\\xampp\\htdocs\\elastic-search-first\\vendor\\laravel\\framework\\src\\Illuminate\\Pipeline\\Pipeline.php(180): Illuminate\\Foundation\\Http\\Middleware\\PreventRequestsDuringMaintenance->handle(Object(Illuminate\\Http\\Request), Object(Closure))
#44 C:\\xampp\\htdocs\\elastic-search-first\\vendor\\laravel\\framework\\src\\Illuminate\\Http\\Middleware\\HandleCors.php(62): Illuminate\\Pipeline\\Pipeline->Illuminate\\Pipeline\\{closure}(Object(Illuminate\\Http\\Request))
#45 C:\\xampp\\htdocs\\elastic-search-first\\vendor\\laravel\\framework\\src\\Illuminate\\Pipeline\\Pipeline.php(180): Illuminate\\Http\\Middleware\\HandleCors->handle(Object(Illuminate\\Http\\Request), Object(Closure))
#46 C:\\xampp\\htdocs\\elastic-search-first\\vendor\\laravel\\framework\\src\\Illuminate\\Http\\Middleware\\TrustProxies.php(39): Illuminate\\Pipeline\\Pipeline->Illuminate\\Pipeline\\{closure}(Object(Illuminate\\Http\\Request))
#47 C:\\xampp\\htdocs\\elastic-search-first\\vendor\\laravel\\framework\\src\\Illuminate\\Pipeline\\Pipeline.php(180): Illuminate\\Http\\Middleware\\TrustProxies->handle(Object(Illuminate\\Http\\Request), Object(Closure))
#48 C:\\xampp\\htdocs\\elastic-search-first\\vendor\\laravel\\framework\\src\\Illuminate\\Pipeline\\Pipeline.php(116): Illuminate\\Pipeline\\Pipeline->Illuminate\\Pipeline\\{closure}(Object(Illuminate\\Http\\Request))
#49 C:\\xampp\\htdocs\\elastic-search-first\\vendor\\laravel\\framework\\src\\Illuminate\\Foundation\\Http\\Kernel.php(165): Illuminate\\Pipeline\\Pipeline->then(Object(Closure))
#50 C:\\xampp\\htdocs\\elastic-search-first\\vendor\\laravel\\framework\\src\\Illuminate\\Foundation\\Http\\Kernel.php(134): Illuminate\\Foundation\\Http\\Kernel->sendRequestThroughRouter(Object(Illuminate\\Http\\Request))
#51 C:\\xampp\\htdocs\\elastic-search-first\\public\\index.php(52): Illuminate\\Foundation\\Http\\Kernel->handle(Object(Illuminate\\Http\\Request))
#52 C:\\xampp\\htdocs\\elastic-search-first\\vendor\\laravel\\framework\\src\\Illuminate\\Foundation\\resources\\server.php(16): require_once('C:\\\\xampp\\\\htdocs...')
#53 {main}
"} 
